2026-03-07T19:01:54.9617479Z State: Starting, Action: EstablishingSiteNetworks, LastError: , LastErrorTimestamp: 01/01/0001 00:00:00, LastErrorDetails: , Details: , DetailsLevel: INFO
2026-03-07T19:01:56.3364735Z State: Starting, Action: StartingMsiContainer, LastError: , LastErrorTimestamp: 01/01/0001 00:00:00, LastErrorDetails: , Details: , DetailsLevel: INFO
2026-03-07T19:02:00.0232110Z State: Starting, Action: StartingSiteContainers, LastError: , LastErrorTimestamp: 01/01/0001 00:00:00, LastErrorDetails: , Details: , DetailsLevel: INFO
2026-03-07T19:02:00.0235867Z Container start method called.
2026-03-07T19:02:00.0237006Z State: Starting, Action: PullingImage, LastError: , LastErrorTimestamp: 01/01/0001 00:00:00, LastErrorDetails: , Details: Pulling image secureappregistrydev123.azurecr.io/secureapp:v1 for secureapp-dev-usman., DetailsLevel: INFO
2026-03-07T19:02:00.0238714Z Establishing network.
2026-03-07T19:02:00.0240449Z Pulling image: secureappregistrydev123.azurecr.io/secureapp:v1.
2026-03-07T19:02:03.9020274Z Container pull image failed with reason: ImagePullFailure. Revert by terminate.
2026-03-07T19:02:03.9058288Z Container is terminating. Grace period: 5 seconds.
2026-03-07T19:02:03.9070566Z Container spec TerminationMessagePolicy  path 
2026-03-07T19:02:03.9094352Z Container is terminated. Total time elapsed: 3 ms.
2026-03-07T19:02:03.9096294Z Site container: secureapp-dev-usman terminated during site startup.
2026-03-07T19:02:03.9114395Z State: Stopping, Action: CancellingStartup, LastError: , LastErrorTimestamp: 01/01/0001 00:00:00, LastErrorDetails: , Details: Site container: secureapp-dev-usman terminated during site startup. Cancelling site startup., DetailsLevel: ERR
2026-03-07T19:02:03.9229159Z State: Stopping, Action: CancellingStartup, LastError: ImagePullUnauthorizedFailure, LastErrorTimestamp: 03/07/2026 19:02:03, LastErrorDetails: Failed to pull image: secureappregistrydev123.azurecr.io/secureapp:v1. Image pull failed with forbidden or unauthorized. Check registry credentials., Details: Site container: secureapp-dev-usman terminated during site startup. Cancelling site startup., DetailsLevel: ERR
2026-03-07T19:02:03.9275217Z Failed to start site. Revert by stopping site.
2026-03-07T19:02:03.9328323Z State: Stopping, Action: StoppingSite, LastError: ImagePullUnauthorizedFailure, LastErrorTimestamp: 03/07/2026 19:02:03, LastErrorDetails: Failed to pull image: secureappregistrydev123.azurecr.io/secureapp:v1. Image pull failed with forbidden or unauthorized. Check registry credentials., Details: Site container: secureapp-dev-usman terminated during site startup. Cancelling site startup., DetailsLevel: ERR
2026-03-07T19:02:03.9355512Z State: Stopping, Action: StoppingSiteContainers, LastError: ImagePullUnauthorizedFailure, LastErrorTimestamp: 03/07/2026 19:02:03, LastErrorDetails: Failed to pull image: secureappregistrydev123.azurecr.io/secureapp:v1. Image pull failed with forbidden or unauthorized. Check registry credentials., Details: Site container: secureapp-dev-usman terminated during site startup. Cancelling site startup., DetailsLevel: ERR
2026-03-07T19:02:03.9365972Z Site: secureapp-dev-usman stopped.
2026-03-07T19:02:03.9443223Z State: Stopping, Action: UnmountingVolumes, LastError: ImagePullUnauthorizedFailure, LastErrorTimestamp: 03/07/2026 19:02:03, LastErrorDetails: Failed to pull image: secureappregistrydev123.azurecr.io/secureapp:v1. Image pull failed with forbidden or unauthorized. Check registry credentials., Details: Site container: secureapp-dev-usman terminated during site startup. Cancelling site startup., DetailsLevel: ERR
2026-03-07T19:02:04.3018450Z Site container: secureapp-dev-usman_managedIdentity terminated during site startup.
2026-03-07T19:02:04.3107249Z State: Stopping, Action: UnmountingVolumes, LastError: ImagePullUnauthorizedFailure, LastErrorTimestamp: 03/07/2026 19:02:03, LastErrorDetails: Failed to pull image: secureappregistrydev123.azurecr.io/secureapp:v1. Image pull failed with forbidden or unauthorized. Check registry credentials., Details: Site container: secureapp-dev-usman terminated during site startup. Cancelling site startup., DetailsLevel: ERR
2026-03-07T19:02:04.3296156Z State: Stopping, Action: StoppingSiteNetworks, LastError: ImagePullUnauthorizedFailure, LastErrorTimestamp: 03/07/2026 19:02:03, LastErrorDetails: Failed to pull image: secureappregistrydev123.azurecr.io/secureapp:v1. Image pull failed with forbidden or unauthorized. Check registry credentials., Details: Site container: secureapp-dev-usman terminated during site startup. Cancelling site startup., DetailsLevel: ERR
2026-03-07T19:02:04.5964055Z State: Stopped, Action: None, LastError: ImagePullUnauthorizedFailure, LastErrorTimestamp: 03/07/2026 19:02:03, LastErrorDetails: Failed to pull image: secureappregistrydev123.azurecr.io/secureapp:v1. Image pull failed with forbidden or unauthorized. Check registry credentials., Details: Site stopped at 03/07/2026 19:02:04 (UTC), DetailsLevel: ERR
2026-03-07T19:02:04.6464438Z State: Stopped, Action: None, LastError: ImagePullUnauthorizedFailure, LastErrorTimestamp: 03/07/2026 19:02:03, LastErrorDetails: Failed to pull image: secureappregistrydev123.azurecr.io/secureapp:v1. Image pull failed with forbidden or unauthorized. Check registry credentials., Details: Site stopped at 03/07/2026 19:02:04 (UTC), DetailsLevel: ERR
2026-03-07T19:02:20.7257913Z State: Starting, Action: EstablishingSiteNetworks, LastError: ImagePullUnauthorizedFailure, LastErrorTimestamp: 03/07/2026 19:02:03, LastErrorDetails: Failed to pull image: secureappregistrydev123.azurecr.io/secureapp:v1. Image pull failed with forbidden or unauthorized. Check registry credentials., Details: Site stopped at 03/07/2026 19:02:04 (UTC), DetailsLevel: ERR
2026-03-07T19:02:21.3781373Z State: Starting, Action: StartingMsiContainer, LastError: ImagePullUnauthorizedFailure, LastErrorTimestamp: 03/07/2026 19:02:03, LastErrorDetails: Failed to pull image: secureappregistrydev123.azurecr.io/secureapp:v1. Image pull failed with forbidden or unauthorized. Check registry credentials., Details: Site stopped at 03/07/2026 19:02:04 (UTC), DetailsLevel: ERR
2026-03-07T19:02:26.8970865Z State: Starting, Action: StartingSiteContainers, LastError: ImagePullUnauthorizedFailure, LastErrorTimestamp: 03/07/2026 19:02:03, LastErrorDetails: Failed to pull image: secureappregistrydev123.azurecr.io/secureapp:v1. Image pull failed with forbidden or unauthorized. Check registry credentials., Details: Site stopped at 03/07/2026 19:02:04 (UTC), DetailsLevel: ERR
2026-03-07T19:02:26.9027661Z Container start method called.
2026-03-07T19:02:26.9029445Z State: Starting, Action: PullingImage, LastError: ImagePullUnauthorizedFailure, LastErrorTimestamp: 03/07/2026 19:02:03, LastErrorDetails: Failed to pull image: secureappregistrydev123.azurecr.io/secureapp:v1. Image pull failed with forbidden or unauthorized. Check registry credentials., Details: Pulling image secureappregistrydev123.azurecr.io/secureapp:v1 for secureapp-dev-usman., DetailsLevel: INFO
2026-03-07T19:02:26.9031271Z Establishing network.
2026-03-07T19:02:26.9033431Z Pulling image: secureappregistrydev123.azurecr.io/secureapp:v1.
2026-03-07T19:02:33.3505583Z Container pull image failed with reason: ImagePullFailure. Revert by terminate.
2026-03-07T19:02:33.3529616Z Container is terminating. Grace period: 5 seconds.
2026-03-07T19:02:33.3531159Z Container spec TerminationMessagePolicy  path 
2026-03-07T19:02:33.3576924Z Container is terminated. Total time elapsed: 0 ms.
2026-03-07T19:02:33.3581187Z Site container: secureapp-dev-usman terminated during site startup.
2026-03-07T19:02:33.3845198Z State: Stopping, Action: CancellingStartup, LastError: ImagePullUnauthorizedFailure, LastErrorTimestamp: 03/07/2026 19:02:03, LastErrorDetails: Failed to pull image: secureappregistrydev123.azurecr.io/secureapp:v1. Image pull failed with forbidden or unauthorized. Check registry credentials., Details: Site container: secureapp-dev-usman terminated during site startup. Cancelling site startup., DetailsLevel: ERR
2026-03-07T19:02:33.3963549Z State: Stopping, Action: CancellingStartup, LastError: ImagePullUnauthorizedFailure, LastErrorTimestamp: 03/07/2026 19:02:33, LastErrorDetails: Failed to pull image: secureappregistrydev123.azurecr.io/secureapp:v1. Image pull failed with forbidden or unauthorized. Check registry credentials., Details: Site container: secureapp-dev-usman terminated during site startup. Cancelling site startup., DetailsLevel: ERR
2026-03-07T19:02:33.4021603Z Failed to start site. Revert by stopping site.
2026-03-07T19:02:33.4033052Z State: Stopping, Action: StoppingSite, LastError: ImagePullUnauthorizedFailure, LastErrorTimestamp: 03/07/2026 19:02:33, LastErrorDetails: Failed to pull image: secureappregistrydev123.azurecr.io/secureapp:v1. Image pull failed with forbidden or unauthorized. Check registry credentials., Details: Site container: secureapp-dev-usman terminated during site startup. Cancelling site startup., DetailsLevel: ERR
2026-03-07T19:02:33.4042475Z State: Stopping, Action: StoppingSiteContainers, LastError: ImagePullUnauthorizedFailure, LastErrorTimestamp: 03/07/2026 19:02:33, LastErrorDetails: Failed to pull image: secureappregistrydev123.azurecr.io/secureapp:v1. Image pull failed with forbidden or unauthorized. Check registry credentials., Details: Site container: secureapp-dev-usman terminated during site startup. Cancelling site startup., DetailsLevel: ERR
2026-03-07T19:02:33.4043024Z Site: secureapp-dev-usman stopped.
2026-03-07T19:02:33.4076363Z State: Stopping, Action: UnmountingVolumes, LastError: ImagePullUnauthorizedFailure, LastErrorTimestamp: 03/07/2026 19:02:33, LastErrorDetails: Failed to pull image: secureappregistrydev123.azurecr.io/secureapp:v1. Image pull failed with forbidden or unauthorized. Check registry credentials., Details: Site container: secureapp-dev-usman terminated during site startup. Cancelling site startup., DetailsLevel: ERR
2026-03-07T19:02:34.9100627Z Site container: secureapp-dev-usman_managedIdentity terminated during site startup.
2026-03-07T19:02:34.9116803Z State: Stopping, Action: UnmountingVolumes, LastError: ImagePullUnauthorizedFailure, LastErrorTimestamp: 03/07/2026 19:02:33, LastErrorDetails: Failed to pull image: secureappregistrydev123.azurecr.io/secureapp:v1. Image pull failed with forbidden or unauthorized. Check registry credentials., Details: Site container: secureapp-dev-usman terminated during site startup. Cancelling site startup., DetailsLevel: ERR
2026-03-07T19:02:34.9367280Z State: Stopping, Action: StoppingSiteNetworks, LastError: ImagePullUnauthorizedFailure, LastErrorTimestamp: 03/07/2026 19:02:33, LastErrorDetails: Failed to pull image: secureappregistrydev123.azurecr.io/secureapp:v1. Image pull failed with forbidden or unauthorized. Check registry credentials., Details: Site container: secureapp-dev-usman terminated during site startup. Cancelling site startup., DetailsLevel: ERR
2026-03-07T19:02:35.1855396Z Site: secureapp-dev-usman will be blocked for 1 minutes till 03/07/2026 19:03:35
2026-03-07T19:02:35.1861306Z State: Blocked, Action: StoppingSiteNetworks, LastError: ImagePullUnauthorizedFailure, LastErrorTimestamp: 03/07/2026 19:02:33, LastErrorDetails: Failed to pull image: secureappregistrydev123.azurecr.io/secureapp:v1. Image pull failed with forbidden or unauthorized. Check registry credentials., Details: Site: secureapp-dev-usman will be blocked for 1 minutes till 03/07/2026 19:03:35, DetailsLevel: WARN
2026-03-07T19:02:35.1961488Z State: Stopped, Action: None, LastError: ImagePullUnauthorizedFailure, LastErrorTimestamp: 03/07/2026 19:02:33, LastErrorDetails: Failed to pull image: secureappregistrydev123.azurecr.io/secureapp:v1. Image pull failed with forbidden or unauthorized. Check registry credentials., Details: Site stopped at 03/07/2026 19:02:35 (UTC), DetailsLevel: WARN
2026-03-07T19:02:35.2452602Z State: Stopped, Action: None, LastError: ImagePullUnauthorizedFailure, LastErrorTimestamp: 03/07/2026 19:02:33, LastErrorDetails: Failed to pull image: secureappregistrydev123.azurecr.io/secureapp:v1. Image pull failed with forbidden or unauthorized. Check registry credentials., Details: Site stopped at 03/07/2026 19:02:35 (UTC), DetailsLevel: WARN
2026-03-07T19:02:40.4663478Z State: Blocked, Action: None, LastError: ImagePullUnauthorizedFailure, LastErrorTimestamp: 03/07/2026 19:02:33, LastErrorDetails: Failed to pull image: secureappregistrydev123.azurecr.io/secureapp:v1. Image pull failed with forbidden or unauthorized. Check registry credentials., Details: Site is blocked due to multiple, consecutive cold start failures. Site scheduled to be unblocked at 03/07/2026 19:03:35, DetailsLevel: WARN
2026-03-07T19:02:40.4663857Z Start site prohibitted because the site is being blocked.
2026-03-07T19:02:45.5082338Z State: Blocked, Action: None, LastError: ImagePullUnauthorizedFailure, LastErrorTimestamp: 03/07/2026 19:02:33, LastErrorDetails: Failed to pull image: secureappregistrydev123.azurecr.io/secureapp:v1. Image pull failed with forbidden or unauthorized. Check registry credentials., Details: Site is blocked due to multiple, consecutive cold start failures. Site scheduled to be unblocked at 03/07/2026 19:03:35, DetailsLevel: WARN
2026-03-07T19:02:45.5082641Z Start site prohibitted because the site is being blocked.
2026-03-07T19:02:50.5791267Z State: Blocked, Action: None, LastError: ImagePullUnauthorizedFailure, LastErrorTimestamp: 03/07/2026 19:02:33, LastErrorDetails: Failed to pull image: secureappregistrydev123.azurecr.io/secureapp:v1. Image pull failed with forbidden or unauthorized. Check registry credentials., Details: Site is blocked due to multiple, consecutive cold start failures. Site scheduled to be unblocked at 03/07/2026 19:03:35, DetailsLevel: WARN
2026-03-07T19:02:50.5791629Z Start site prohibitted because the site is being blocked.
2026-03-07T19:02:55.6375322Z State: Blocked, Action: None, LastError: ImagePullUnauthorizedFailure, LastErrorTimestamp: 03/07/2026 19:02:33, LastErrorDetails: Failed to pull image: secureappregistrydev123.azurecr.io/secureapp:v1. Image pull failed with forbidden or unauthorized. Check registry credentials., Details: Site is blocked due to multiple, consecutive cold start failures. Site scheduled to be unblocked at 03/07/2026 19:03:35, DetailsLevel: WARN
2026-03-07T19:02:55.6376751Z Start site prohibitted because the site is being blocked.
2026-03-07T19:03:00.7110868Z State: Blocked, Action: None, LastError: ImagePullUnauthorizedFailure, LastErrorTimestamp: 03/07/2026 19:02:33, LastErrorDetails: Failed to pull image: secureappregistrydev123.azurecr.io/secureapp:v1. Image pull failed with forbidden or unauthorized. Check registry credentials., Details: Site is blocked due to multiple, consecutive cold start failures. Site scheduled to be unblocked at 03/07/2026 19:03:35, DetailsLevel: WARN
2026-03-07T19:03:00.7111132Z Start site prohibitted because the site is being blocked.
2026-03-07T19:03:05.7861370Z State: Blocked, Action: None, LastError: ImagePullUnauthorizedFailure, LastErrorTimestamp: 03/07/2026 19:02:33, LastErrorDetails: Failed to pull image: secureappregistrydev123.azurecr.io/secureapp:v1. Image pull failed with forbidden or unauthorized. Check registry credentials., Details: Site is blocked due to multiple, consecutive cold start failures. Site scheduled to be unblocked at 03/07/2026 19:03:35, DetailsLevel: WARN
2026-03-07T19:03:05.7874004Z Start site prohibitted because the site is being blocked.
2026-03-07T19:03:10.8447018Z State: Blocked, Action: None, LastError: ImagePullUnauthorizedFailure, LastErrorTimestamp: 03/07/2026 19:02:33, LastErrorDetails: Failed to pull image: secureappregistrydev123.azurecr.io/secureapp:v1. Image pull failed with forbidden or unauthorized. Check registry credentials., Details: Site is blocked due to multiple, consecutive cold start failures. Site scheduled to be unblocked at 03/07/2026 19:03:35, DetailsLevel: WARN
2026-03-07T19:03:10.8447342Z Start site prohibitted because the site is being blocked.
2026-03-07T19:03:15.9074113Z State: Blocked, Action: None, LastError: ImagePullUnauthorizedFailure, LastErrorTimestamp: 03/07/2026 19:02:33, LastErrorDetails: Failed to pull image: secureappregistrydev123.azurecr.io/secureapp:v1. Image pull failed with forbidden or unauthorized. Check registry credentials., Details: Site is blocked due to multiple, consecutive cold start failures. Site scheduled to be unblocked at 03/07/2026 19:03:35, DetailsLevel: WARN
2026-03-07T19:03:15.9074520Z Start site prohibitted because the site is being blocked.
2026-03-07T19:03:20.9914251Z State: Blocked, Action: None, LastError: ImagePullUnauthorizedFailure, LastErrorTimestamp: 03/07/2026 19:02:33, LastErrorDetails: Failed to pull image: secureappregistrydev123.azurecr.io/secureapp:v1. Image pull failed with forbidden or unauthorized. Check registry credentials., Details: Site is blocked due to multiple, consecutive cold start failures. Site scheduled to be unblocked at 03/07/2026 19:03:35, DetailsLevel: WARN
2026-03-07T19:03:20.9914656Z Start site prohibitted because the site is being blocked.
2026-03-07T19:03:26.1572500Z State: Blocked, Action: None, LastError: ImagePullUnauthorizedFailure, LastErrorTimestamp: 03/07/2026 19:02:33, LastErrorDetails: Failed to pull image: secureappregistrydev123.azurecr.io/secureapp:v1. Image pull failed with forbidden or unauthorized. Check registry credentials., Details: Site is blocked due to multiple, consecutive cold start failures. Site scheduled to be unblocked at 03/07/2026 19:03:35, DetailsLevel: WARN
2026-03-07T19:03:26.1572786Z Start site prohibitted because the site is being blocked.
2026-03-07T19:03:31.2029125Z State: Blocked, Action: None, LastError: ImagePullUnauthorizedFailure, LastErrorTimestamp: 03/07/2026 19:02:33, LastErrorDetails: Failed to pull image: secureappregistrydev123.azurecr.io/secureapp:v1. Image pull failed with forbidden or unauthorized. Check registry credentials., Details: Site is blocked due to multiple, consecutive cold start failures. Site scheduled to be unblocked at 03/07/2026 19:03:35, DetailsLevel: WARN
2026-03-07T19:03:31.2029563Z Start site prohibitted because the site is being blocked.
2026-03-07T19:03:35.1843786Z Site: secureapp-dev-usman is unblocked.
2026-03-07T19:03:36.2615535Z State: Starting, Action: EstablishingSiteNetworks, LastError: ImagePullUnauthorizedFailure, LastErrorTimestamp: 03/07/2026 19:02:33, LastErrorDetails: Failed to pull image: secureappregistrydev123.azurecr.io/secureapp:v1. Image pull failed with forbidden or unauthorized. Check registry credentials., Details: Site is blocked due to multiple, consecutive cold start failures. Site scheduled to be unblocked at 03/07/2026 19:03:35, DetailsLevel: WARN
2026-03-07T19:03:37.3020355Z State: Starting, Action: StartingMsiContainer, LastError: ImagePullUnauthorizedFailure, LastErrorTimestamp: 03/07/2026 19:02:33, LastErrorDetails: Failed to pull image: secureappregistrydev123.azurecr.io/secureapp:v1. Image pull failed with forbidden or unauthorized. Check registry credentials., Details: Site is blocked due to multiple, consecutive cold start failures. Site scheduled to be unblocked at 03/07/2026 19:03:35, DetailsLevel: WARN
2026-03-07T19:03:40.5076447Z State: Starting, Action: StartingSiteContainers, LastError: ImagePullUnauthorizedFailure, LastErrorTimestamp: 03/07/2026 19:02:33, LastErrorDetails: Failed to pull image: secureappregistrydev123.azurecr.io/secureapp:v1. Image pull failed with forbidden or unauthorized. Check registry credentials., Details: Site is blocked due to multiple, consecutive cold start failures. Site scheduled to be unblocked at 03/07/2026 19:03:35, DetailsLevel: WARN
2026-03-07T19:03:40.5078298Z Container start method called.
2026-03-07T19:03:40.5078894Z State: Starting, Action: PullingImage, LastError: ImagePullUnauthorizedFailure, LastErrorTimestamp: 03/07/2026 19:02:33, LastErrorDetails: Failed to pull image: secureappregistrydev123.azurecr.io/secureapp:v1. Image pull failed with forbidden or unauthorized. Check registry credentials., Details: Pulling image secureappregistrydev123.azurecr.io/secureapp:v1 for secureapp-dev-usman., DetailsLevel: INFO
2026-03-07T19:03:40.5080370Z Establishing network.
2026-03-07T19:03:40.5081790Z Pulling image: secureappregistrydev123.azurecr.io/secureapp:v1.
2026-03-07T19:03:42.7636236Z Container pull image failed with reason: ImagePullFailure. Revert by terminate.
2026-03-07T19:03:42.7638066Z Container is terminating. Grace period: 5 seconds.
2026-03-07T19:03:42.7639440Z Container spec TerminationMessagePolicy  path 
2026-03-07T19:03:42.7641270Z Container is terminated. Total time elapsed: 0 ms.
2026-03-07T19:03:42.7642776Z Site container: secureapp-dev-usman terminated during site startup.
2026-03-07T19:03:42.7651467Z State: Stopping, Action: CancellingStartup, LastError: ImagePullUnauthorizedFailure, LastErrorTimestamp: 03/07/2026 19:02:33, LastErrorDetails: Failed to pull image: secureappregistrydev123.azurecr.io/secureapp:v1. Image pull failed with forbidden or unauthorized. Check registry credentials., Details: Site container: secureapp-dev-usman terminated during site startup. Cancelling site startup., DetailsLevel: ERR
2026-03-07T19:03:42.7661282Z State: Stopping, Action: CancellingStartup, LastError: ImagePullUnauthorizedFailure, LastErrorTimestamp: 03/07/2026 19:03:42, LastErrorDetails: Failed to pull image: secureappregistrydev123.azurecr.io/secureapp:v1. Image pull failed with forbidden or unauthorized. Check registry credentials., Details: Site container: secureapp-dev-usman terminated during site startup. Cancelling site startup., DetailsLevel: ERR
2026-03-07T19:03:42.7712855Z Failed to start site. Revert by stopping site.
2026-03-07T19:03:42.7721268Z State: Stopping, Action: StoppingSite, LastError: ImagePullUnauthorizedFailure, LastErrorTimestamp: 03/07/2026 19:03:42, LastErrorDetails: Failed to pull image: secureappregistrydev123.azurecr.io/secureapp:v1. Image pull failed with forbidden or unauthorized. Check registry credentials., Details: Site container: secureapp-dev-usman terminated during site startup. Cancelling site startup., DetailsLevel: ERR
2026-03-07T19:03:42.7725367Z State: Stopping, Action: StoppingSiteContainers, LastError: ImagePullUnauthorizedFailure, LastErrorTimestamp: 03/07/2026 19:03:42, LastErrorDetails: Failed to pull image: secureappregistrydev123.azurecr.io/secureapp:v1. Image pull failed with forbidden or unauthorized. Check registry credentials., Details: Site container: secureapp-dev-usman terminated during site startup. Cancelling site startup., DetailsLevel: ERR
2026-03-07T19:03:42.7728410Z Site: secureapp-dev-usman stopped.
2026-03-07T19:03:42.7746253Z State: Stopping, Action: UnmountingVolumes, LastError: ImagePullUnauthorizedFailure, LastErrorTimestamp: 03/07/2026 19:03:42, LastErrorDetails: Failed to pull image: secureappregistrydev123.azurecr.io/secureapp:v1. Image pull failed with forbidden or unauthorized. Check registry credentials., Details: Site container: secureapp-dev-usman terminated during site startup. Cancelling site startup., DetailsLevel: ERR
2026-03-07T19:03:43.0828866Z Site container: secureapp-dev-usman_managedIdentity terminated during site startup.
2026-03-07T19:03:43.0829983Z State: Stopping, Action: UnmountingVolumes, LastError: ImagePullUnauthorizedFailure, LastErrorTimestamp: 03/07/2026 19:03:42, LastErrorDetails: Failed to pull image: secureappregistrydev123.azurecr.io/secureapp:v1. Image pull failed with forbidden or unauthorized. Check registry credentials., Details: Site container: secureapp-dev-usman terminated during site startup. Cancelling site startup., DetailsLevel: ERR
2026-03-07T19:03:43.0942214Z State: Stopping, Action: StoppingSiteNetworks, LastError: ImagePullUnauthorizedFailure, LastErrorTimestamp: 03/07/2026 19:03:42, LastErrorDetails: Failed to pull image: secureappregistrydev123.azurecr.io/secureapp:v1. Image pull failed with forbidden or unauthorized. Check registry credentials., Details: Site container: secureapp-dev-usman terminated during site startup. Cancelling site startup., DetailsLevel: ERR
2026-03-07T19:03:43.3405948Z Site: secureapp-dev-usman will be blocked for 1 minutes till 03/07/2026 19:04:43
2026-03-07T19:03:43.3408482Z State: Blocked, Action: StoppingSiteNetworks, LastError: ImagePullUnauthorizedFailure, LastErrorTimestamp: 03/07/2026 19:03:42, LastErrorDetails: Failed to pull image: secureappregistrydev123.azurecr.io/secureapp:v1. Image pull failed with forbidden or unauthorized. Check registry credentials., Details: Site: secureapp-dev-usman will be blocked for 1 minutes till 03/07/2026 19:04:43, DetailsLevel: WARN
2026-03-07T19:03:43.3412392Z State: Stopped, Action: None, LastError: ImagePullUnauthorizedFailure, LastErrorTimestamp: 03/07/2026 19:03:42, LastErrorDetails: Failed to pull image: secureappregistrydev123.azurecr.io/secureapp:v1. Image pull failed with forbidden or unauthorized. Check registry credentials., Details: Site stopped at 03/07/2026 19:03:43 (UTC), DetailsLevel: WARN
2026-03-07T19:03:43.3676356Z State: Stopped, Action: None, LastError: ImagePullUnauthorizedFailure, LastErrorTimestamp: 03/07/2026 19:03:42, LastErrorDetails: Failed to pull image: secureappregistrydev123.azurecr.io/secureapp:v1. Image pull failed with forbidden or unauthorized. Check registry credentials., Details: Site stopped at 03/07/2026 19:03:43 (UTC), DetailsLevel: WARN
2026-03-07T19:03:48.4085853Z State: Blocked, Action: None, LastError: ImagePullUnauthorizedFailure, LastErrorTimestamp: 03/07/2026 19:03:42, LastErrorDetails: Failed to pull image: secureappregistrydev123.azurecr.io/secureapp:v1. Image pull failed with forbidden or unauthorized. Check registry credentials., Details: Site is blocked due to multiple, consecutive cold start failures. Site scheduled to be unblocked at 03/07/2026 19:04:43, DetailsLevel: WARN
2026-03-07T19:03:48.4086736Z Start site prohibitted because the site is being blocked.
2026-03-07T19:03:53.5101152Z State: Blocked, Action: None, LastError: ImagePullUnauthorizedFailure, LastErrorTimestamp: 03/07/2026 19:03:42, LastErrorDetails: Failed to pull image: secureappregistrydev123.azurecr.io/secureapp:v1. Image pull failed with forbidden or unauthorized. Check registry credentials., Details: Site is blocked due to multiple, consecutive cold start failures. Site scheduled to be unblocked at 03/07/2026 19:04:43, DetailsLevel: WARN
2026-03-07T19:03:53.5101414Z Start site prohibitted because the site is being blocked.
2026-03-07T19:03:58.5655418Z State: Blocked, Action: None, LastError: ImagePullUnauthorizedFailure, LastErrorTimestamp: 03/07/2026 19:03:42, LastErrorDetails: Failed to pull image: secureappregistrydev123.azurecr.io/secureapp:v1. Image pull failed with forbidden or unauthorized. Check registry credentials., Details: Site is blocked due to multiple, consecutive cold start failures. Site scheduled to be unblocked at 03/07/2026 19:04:43, DetailsLevel: WARN
2026-03-07T19:03:58.5655702Z Start site prohibitted because the site is being blocked.
2026-03-07T19:04:03.6230830Z State: Blocked, Action: None, LastError: ImagePullUnauthorizedFailure, LastErrorTimestamp: 03/07/2026 19:03:42, LastErrorDetails: Failed to pull image: secureappregistrydev123.azurecr.io/secureapp:v1. Image pull failed with forbidden or unauthorized. Check registry credentials., Details: Site is blocked due to multiple, consecutive cold start failures. Site scheduled to be unblocked at 03/07/2026 19:04:43, DetailsLevel: WARN
2026-03-07T19:04:03.6231123Z Start site prohibitted because the site is being blocked.
2026-03-07T19:04:08.6670719Z State: Blocked, Action: None, LastError: ImagePullUnauthorizedFailure, LastErrorTimestamp: 03/07/2026 19:03:42, LastErrorDetails: Failed to pull image: secureappregistrydev123.azurecr.io/secureapp:v1. Image pull failed with forbidden or unauthorized. Check registry credentials., Details: Site is blocked due to multiple, consecutive cold start failures. Site scheduled to be unblocked at 03/07/2026 19:04:43, DetailsLevel: WARN
2026-03-07T19:04:08.6670955Z Start site prohibitted because the site is being blocked.
2026-03-07T19:04:13.7514958Z State: Blocked, Action: None, LastError: ImagePullUnauthorizedFailure, LastErrorTimestamp: 03/07/2026 19:03:42, LastErrorDetails: Failed to pull image: secureappregistrydev123.azurecr.io/secureapp:v1. Image pull failed with forbidden or unauthorized. Check registry credentials., Details: Site is blocked due to multiple, consecutive cold start failures. Site scheduled to be unblocked at 03/07/2026 19:04:43, DetailsLevel: WARN
2026-03-07T19:04:13.7515268Z Start site prohibitted because the site is being blocked.
2026-03-07T19:04:18.8102181Z State: Blocked, Action: None, LastError: ImagePullUnauthorizedFailure, LastErrorTimestamp: 03/07/2026 19:03:42, LastErrorDetails: Failed to pull image: secureappregistrydev123.azurecr.io/secureapp:v1. Image pull failed with forbidden or unauthorized. Check registry credentials., Details: Site is blocked due to multiple, consecutive cold start failures. Site scheduled to be unblocked at 03/07/2026 19:04:43, DetailsLevel: WARN
2026-03-07T19:04:18.8103227Z Start site prohibitted because the site is being blocked.
2026-03-07T19:04:23.8539868Z State: Blocked, Action: None, LastError: ImagePullUnauthorizedFailure, LastErrorTimestamp: 03/07/2026 19:03:42, LastErrorDetails: Failed to pull image: secureappregistrydev123.azurecr.io/secureapp:v1. Image pull failed with forbidden or unauthorized. Check registry credentials., Details: Site is blocked due to multiple, consecutive cold start failures. Site scheduled to be unblocked at 03/07/2026 19:04:43, DetailsLevel: WARN
2026-03-07T19:04:23.8540211Z Start site prohibitted because the site is being blocked.
2026-03-07T19:04:28.9807831Z State: Blocked, Action: None, LastError: ImagePullUnauthorizedFailure, LastErrorTimestamp: 03/07/2026 19:03:42, LastErrorDetails: Failed to pull image: secureappregistrydev123.azurecr.io/secureapp:v1. Image pull failed with forbidden or unauthorized. Check registry credentials., Details: Site is blocked due to multiple, consecutive cold start failures. Site scheduled to be unblocked at 03/07/2026 19:04:43, DetailsLevel: WARN
2026-03-07T19:04:28.9808125Z Start site prohibitted because the site is being blocked.
2026-03-07T19:04:34.0249453Z State: Blocked, Action: None, LastError: ImagePullUnauthorizedFailure, LastErrorTimestamp: 03/07/2026 19:03:42, LastErrorDetails: Failed to pull image: secureappregistrydev123.azurecr.io/secureapp:v1. Image pull failed with forbidden or unauthorized. Check registry credentials., Details: Site is blocked due to multiple, consecutive cold start failures. Site scheduled to be unblocked at 03/07/2026 19:04:43, DetailsLevel: WARN
2026-03-07T19:04:34.0249737Z Start site prohibitted because the site is being blocked.
2026-03-07T19:04:39.0577650Z State: Blocked, Action: None, LastError: ImagePullUnauthorizedFailure, LastErrorTimestamp: 03/07/2026 19:03:42, LastErrorDetails: Failed to pull image: secureappregistrydev123.azurecr.io/secureapp:v1. Image pull failed with forbidden or unauthorized. Check registry credentials., Details: Site is blocked due to multiple, consecutive cold start failures. Site scheduled to be unblocked at 03/07/2026 19:04:43, DetailsLevel: WARN
2026-03-07T19:04:39.0577932Z Start site prohibitted because the site is being blocked.
2026-03-07T19:04:43.3376864Z Site: secureapp-dev-usman is unblocked.
2026-03-07T19:04:44.1039728Z State: Starting, Action: EstablishingSiteNetworks, LastError: ImagePullUnauthorizedFailure, LastErrorTimestamp: 03/07/2026 19:03:42, LastErrorDetails: Failed to pull image: secureappregistrydev123.azurecr.io/secureapp:v1. Image pull failed with forbidden or unauthorized. Check registry credentials., Details: Site is blocked due to multiple, consecutive cold start failures. Site scheduled to be unblocked at 03/07/2026 19:04:43, DetailsLevel: WARN
2026-03-07T19:04:44.9908467Z State: Starting, Action: StartingMsiContainer, LastError: ImagePullUnauthorizedFailure, LastErrorTimestamp: 03/07/2026 19:03:42, LastErrorDetails: Failed to pull image: secureappregistrydev123.azurecr.io/secureapp:v1. Image pull failed with forbidden or unauthorized. Check registry credentials., Details: Site is blocked due to multiple, consecutive cold start failures. Site scheduled to be unblocked at 03/07/2026 19:04:43, DetailsLevel: WARN
2026-03-07T19:04:48.2700645Z State: Starting, Action: StartingSiteContainers, LastError: ImagePullUnauthorizedFailure, LastErrorTimestamp: 03/07/2026 19:03:42, LastErrorDetails: Failed to pull image: secureappregistrydev123.azurecr.io/secureapp:v1. Image pull failed with forbidden or unauthorized. Check registry credentials., Details: Site is blocked due to multiple, consecutive cold start failures. Site scheduled to be unblocked at 03/07/2026 19:04:43, DetailsLevel: WARN
2026-03-07T19:04:48.2703123Z Container start method called.
2026-03-07T19:04:48.2706403Z State: Starting, Action: PullingImage, LastError: ImagePullUnauthorizedFailure, LastErrorTimestamp: 03/07/2026 19:03:42, LastErrorDetails: Failed to pull image: secureappregistrydev123.azurecr.io/secureapp:v1. Image pull failed with forbidden or unauthorized. Check registry credentials., Details: Pulling image secureappregistrydev123.azurecr.io/secureapp:v1 for secureapp-dev-usman., DetailsLevel: INFO
2026-03-07T19:04:48.2707880Z Establishing network.
2026-03-07T19:04:48.2709448Z Pulling image: secureappregistrydev123.azurecr.io/secureapp:v1.
2026-03-07T19:04:50.3397344Z Container pull image failed with reason: ImagePullFailure. Revert by terminate.
2026-03-07T19:04:50.3399587Z Container is terminating. Grace period: 5 seconds.
2026-03-07T19:04:50.3400938Z Container spec TerminationMessagePolicy  path 
2026-03-07T19:04:50.3405025Z Container is terminated. Total time elapsed: 0 ms.
2026-03-07T19:04:50.3406636Z Site container: secureapp-dev-usman terminated during site startup.
2026-03-07T19:04:50.3432504Z State: Stopping, Action: CancellingStartup, LastError: ImagePullUnauthorizedFailure, LastErrorTimestamp: 03/07/2026 19:03:42, LastErrorDetails: Failed to pull image: secureappregistrydev123.azurecr.io/secureapp:v1. Image pull failed with forbidden or unauthorized. Check registry credentials., Details: Site container: secureapp-dev-usman terminated during site startup. Cancelling site startup., DetailsLevel: ERR
2026-03-07T19:04:50.3462044Z State: Stopping, Action: CancellingStartup, LastError: ImagePullUnauthorizedFailure, LastErrorTimestamp: 03/07/2026 19:04:50, LastErrorDetails: Failed to pull image: secureappregistrydev123.azurecr.io/secureapp:v1. Image pull failed with forbidden or unauthorized. Check registry credentials., Details: Site container: secureapp-dev-usman terminated during site startup. Cancelling site startup., DetailsLevel: ERR
2026-03-07T19:04:50.3535997Z Failed to start site. Revert by stopping site.
2026-03-07T19:04:50.3541205Z State: Stopping, Action: StoppingSite, LastError: ImagePullUnauthorizedFailure, LastErrorTimestamp: 03/07/2026 19:04:50, LastErrorDetails: Failed to pull image: secureappregistrydev123.azurecr.io/secureapp:v1. Image pull failed with forbidden or unauthorized. Check registry credentials., Details: Site container: secureapp-dev-usman terminated during site startup. Cancelling site startup., DetailsLevel: ERR
2026-03-07T19:04:50.3543336Z State: Stopping, Action: StoppingSiteContainers, LastError: ImagePullUnauthorizedFailure, LastErrorTimestamp: 03/07/2026 19:04:50, LastErrorDetails: Failed to pull image: secureappregistrydev123.azurecr.io/secureapp:v1. Image pull failed with forbidden or unauthorized. Check registry credentials., Details: Site container: secureapp-dev-usman terminated during site startup. Cancelling site startup., DetailsLevel: ERR
2026-03-07T19:04:50.3543475Z Site: secureapp-dev-usman stopped.
