2026-03-07T21:43:22.077677261Z info: Microsoft.Hosting.Lifetime[14]
2026-03-07T21:43:22.077731518Z       Now listening on: http://0.0.0.0:8080
2026-03-07T21:43:22.098157680Z info: Microsoft.Hosting.Lifetime[0]
2026-03-07T21:43:22.098174529Z       Application started. Press Ctrl+C to shut down.
2026-03-07T21:43:22.106172831Z info: Microsoft.Hosting.Lifetime[0]
2026-03-07T21:43:22.106190896Z       Hosting environment: Production
2026-03-07T21:43:22.108650578Z info: Microsoft.Hosting.Lifetime[0]
2026-03-07T21:43:22.108664368Z       Content root path: /app

2026-03-07T21:44:50.842478392Z info: Microsoft.Hosting.Lifetime[14]
2026-03-07T21:44:50.842575421Z       Now listening on: http://0.0.0.0:8080
2026-03-07T21:44:50.853701650Z info: Microsoft.Hosting.Lifetime[0]
2026-03-07T21:44:50.853720815Z       Application started. Press Ctrl+C to shut down.
2026-03-07T21:44:50.892068622Z info: Microsoft.Hosting.Lifetime[0]
2026-03-07T21:44:50.892095107Z       Hosting environment: Production
2026-03-07T21:44:50.892097897Z info: Microsoft.Hosting.Lifetime[0]
2026-03-07T21:44:50.892099976Z       Content root path: /app

2026-03-07T21:45:59.2158153Z info: Microsoft.Hosting.Lifetime[14]
2026-03-07T21:45:59.2179932Z       Now listening on: http://0.0.0.0:8080
2026-03-07T21:45:59.2566203Z info: Microsoft.Hosting.Lifetime[0]
2026-03-07T21:45:59.2566852Z       Application started. Press Ctrl+C to shut down.
2026-03-07T21:45:59.2661384Z info: Microsoft.Hosting.Lifetime[0]
2026-03-07T21:45:59.2661893Z       Hosting environment: Production
2026-03-07T21:45:59.2661923Z info: Microsoft.Hosting.Lifetime[0]
2026-03-07T21:45:59.2661974Z       Content root path: /app
2026-03-07T21:56:33.3323536Z info: Microsoft.Hosting.Lifetime[14]
2026-03-07T21:56:33.3399325Z       Now listening on: http://0.0.0.0:8080
2026-03-07T21:56:33.3521991Z info: Microsoft.Hosting.Lifetime[0]
2026-03-07T21:56:33.3524220Z       Application started. Press Ctrl+C to shut down.
2026-03-07T21:56:33.3611577Z info: Microsoft.Hosting.Lifetime[0]
2026-03-07T21:56:33.3611894Z       Hosting environment: Production
2026-03-07T21:56:33.3620790Z info: Microsoft.Hosting.Lifetime[0]
2026-03-07T21:56:33.3620983Z       Content root path: /app
2026-03-07T21:59:02.3389670Z info: Microsoft.Hosting.Lifetime[0]
2026-03-07T21:59:02.3390175Z       Application is shutting down...
2026-03-07T21:59:25.2109833Z info: Microsoft.Hosting.Lifetime[0]
2026-03-07T21:59:25.2118660Z       Application is shutting down...
2026-03-07T22:05:08.7340459Z info: Microsoft.Hosting.Lifetime[14]
2026-03-07T22:05:08.7342393Z       Now listening on: http://0.0.0.0:80
2026-03-07T22:05:08.7543263Z info: Microsoft.Hosting.Lifetime[0]
2026-03-07T22:05:08.7543790Z       Application started. Press Ctrl+C to shut down.
2026-03-07T22:05:08.7650560Z info: Microsoft.Hosting.Lifetime[0]
2026-03-07T22:05:08.7651098Z       Hosting environment: Production
2026-03-07T22:05:08.7741157Z info: Microsoft.Hosting.Lifetime[0]
2026-03-07T22:05:08.7741446Z       Content root path: /app
2026-03-07T22:08:56.8703302Z info: Microsoft.Hosting.Lifetime[0]
2026-03-07T22:08:56.8703777Z       Application is shutting down...
2026-03-07T22:16:26.6731954Z info: Microsoft.Hosting.Lifetime[14]
2026-03-07T22:16:26.6733888Z       Now listening on: http://0.0.0.0:80
2026-03-07T22:16:26.6928824Z info: Microsoft.Hosting.Lifetime[0]
2026-03-07T22:16:26.6929450Z       Application started. Press Ctrl+C to shut down.
2026-03-07T22:16:26.7109019Z info: Microsoft.Hosting.Lifetime[0]
2026-03-07T22:16:26.7109334Z       Hosting environment: Production
2026-03-07T22:16:26.7109446Z info: Microsoft.Hosting.Lifetime[0]
2026-03-07T22:16:26.7109473Z       Content root path: /app
2026-03-07T22:20:14.8194634Z info: Microsoft.Hosting.Lifetime[0]
2026-03-07T22:20:14.8195102Z       Application is shutting down...
2026-03-07T22:29:04.5738490Z info: Microsoft.Hosting.Lifetime[14]
2026-03-07T22:29:04.5740069Z       Now listening on: http://[::]:8080
2026-03-07T22:29:04.5932456Z info: Microsoft.Hosting.Lifetime[0]
2026-03-07T22:29:04.5932933Z       Application started. Press Ctrl+C to shut down.
2026-03-07T22:29:04.6118043Z info: Microsoft.Hosting.Lifetime[0]
2026-03-07T22:29:04.6119168Z       Hosting environment: Production
2026-03-07T22:29:04.6127950Z info: Microsoft.Hosting.Lifetime[0]
2026-03-07T22:29:04.6128162Z       Content root path: /app
2026-03-07T22:32:52.3593794Z info: Microsoft.Hosting.Lifetime[0]
2026-03-07T22:32:52.3594331Z       Application is shutting down...
2026-03-07T22:35:11.6598058Z info: Microsoft.Hosting.Lifetime[14]
2026-03-07T22:35:11.6598758Z       Now listening on: http://[::]:8080
2026-03-07T22:35:11.6608884Z info: Microsoft.Hosting.Lifetime[0]
2026-03-07T22:35:11.6609028Z       Application started. Press Ctrl+C to shut down.
2026-03-07T22:35:11.6612439Z info: Microsoft.Hosting.Lifetime[0]
2026-03-07T22:35:11.6612526Z       Hosting environment: Production
2026-03-07T22:35:11.6623837Z info: Microsoft.Hosting.Lifetime[0]
2026-03-07T22:35:11.6623988Z       Content root path: /app
2026-03-07T22:39:00.4178202Z info: Microsoft.Hosting.Lifetime[0]
2026-03-07T22:39:00.4178741Z       Application is shutting down...
2026-03-07T22:43:33.4322938Z info: Microsoft.Hosting.Lifetime[14]
2026-03-07T22:43:33.4497576Z       Now listening on: http://[::]:8080
2026-03-07T22:43:33.4508226Z info: Microsoft.Hosting.Lifetime[0]
2026-03-07T22:43:33.4508473Z       Application started. Press Ctrl+C to shut down.
2026-03-07T22:43:33.4525508Z info: Microsoft.Hosting.Lifetime[0]
2026-03-07T22:43:33.4525734Z       Hosting environment: Production
2026-03-07T22:43:33.4609733Z info: Microsoft.Hosting.Lifetime[0]
2026-03-07T22:43:33.4609953Z       Content root path: /app
2026-03-07T22:47:23.3117509Z info: Microsoft.Hosting.Lifetime[0]
2026-03-07T22:47:23.3117971Z       Application is shutting down...
2026-03-07T23:37:36.0761231Z info: Microsoft.Hosting.Lifetime[14]
2026-03-07T23:37:36.0864302Z       Now listening on: http://[::]:8080
2026-03-07T23:37:36.0963509Z info: Microsoft.Hosting.Lifetime[0]
2026-03-07T23:37:36.0963745Z       Application started. Press Ctrl+C to shut down.
2026-03-07T23:37:36.0963775Z info: Microsoft.Hosting.Lifetime[0]
2026-03-07T23:37:36.0963824Z       Hosting environment: Production
2026-03-07T23:37:36.0963867Z info: Microsoft.Hosting.Lifetime[0]
2026-03-07T23:37:36.0963890Z       Content root path: /app
