2026-03-07T12:05:40.5742801Z State: Starting, Action: EstablishingSiteNetworks, LastError: , LastErrorTimestamp: 01/01/0001 00:00:00, LastErrorDetails: , Details: , DetailsLevel: INFO
2026-03-07T12:05:41.5228932Z State: Starting, Action: StartingMsiContainer, LastError: , LastErrorTimestamp: 01/01/0001 00:00:00, LastErrorDetails: , Details: , DetailsLevel: INFO
2026-03-07T12:05:46.0479987Z State: Starting, Action: StartingSiteContainers, LastError: , LastErrorTimestamp: 01/01/0001 00:00:00, LastErrorDetails: , Details: , DetailsLevel: INFO
2026-03-07T12:05:46.0487396Z Container start method called.
2026-03-07T12:05:46.0488175Z State: Starting, Action: PullingImage, LastError: , LastErrorTimestamp: 01/01/0001 00:00:00, LastErrorDetails: , Details: Pulling image secureappregistrydev123.azurecr.io/secureapp:v1 for secureapp-dev-usman., DetailsLevel: INFO
2026-03-07T12:05:46.0489735Z Establishing network.
2026-03-07T12:05:46.0491282Z Pulling image: secureappregistrydev123.azurecr.io/secureapp:v1.
2026-03-07T12:05:49.2179868Z Container pull image failed with reason: ImagePullFailure. Revert by terminate.
2026-03-07T12:05:49.2305737Z Container is terminating. Grace period: 5 seconds.
2026-03-07T12:05:49.2316015Z Container spec TerminationMessagePolicy  path 
2026-03-07T12:05:49.2337714Z Container is terminated. Total time elapsed: 2 ms.
2026-03-07T12:05:49.2339775Z Site container: secureapp-dev-usman terminated during site startup.
2026-03-07T12:05:49.2549249Z State: Stopping, Action: CancellingStartup, LastError: , LastErrorTimestamp: 01/01/0001 00:00:00, LastErrorDetails: , Details: Site container: secureapp-dev-usman terminated during site startup. Cancelling site startup., DetailsLevel: ERR
2026-03-07T12:05:49.2801568Z State: Stopping, Action: CancellingStartup, LastError: ImagePullUnauthorizedFailure, LastErrorTimestamp: 03/07/2026 12:05:49, LastErrorDetails: Failed to pull image: secureappregistrydev123.azurecr.io/secureapp:v1. Image pull failed with forbidden or unauthorized. Check registry credentials., Details: Site container: secureapp-dev-usman terminated during site startup. Cancelling site startup., DetailsLevel: ERR
2026-03-07T12:05:49.2873871Z Failed to start site. Revert by stopping site.
2026-03-07T12:05:49.2936929Z State: Stopping, Action: StoppingSite, LastError: ImagePullUnauthorizedFailure, LastErrorTimestamp: 03/07/2026 12:05:49, LastErrorDetails: Failed to pull image: secureappregistrydev123.azurecr.io/secureapp:v1. Image pull failed with forbidden or unauthorized. Check registry credentials., Details: Site container: secureapp-dev-usman terminated during site startup. Cancelling site startup., DetailsLevel: ERR
2026-03-07T12:05:49.2961734Z State: Stopping, Action: StoppingSiteContainers, LastError: ImagePullUnauthorizedFailure, LastErrorTimestamp: 03/07/2026 12:05:49, LastErrorDetails: Failed to pull image: secureappregistrydev123.azurecr.io/secureapp:v1. Image pull failed with forbidden or unauthorized. Check registry credentials., Details: Site container: secureapp-dev-usman terminated during site startup. Cancelling site startup., DetailsLevel: ERR
2026-03-07T12:05:49.2973310Z Site: secureapp-dev-usman stopped.
2026-03-07T12:05:49.3087544Z State: Stopping, Action: UnmountingVolumes, LastError: ImagePullUnauthorizedFailure, LastErrorTimestamp: 03/07/2026 12:05:49, LastErrorDetails: Failed to pull image: secureappregistrydev123.azurecr.io/secureapp:v1. Image pull failed with forbidden or unauthorized. Check registry credentials., Details: Site container: secureapp-dev-usman terminated during site startup. Cancelling site startup., DetailsLevel: ERR
2026-03-07T12:05:49.7440495Z Site container: secureapp-dev-usman_managedIdentity terminated during site startup.
2026-03-07T12:05:49.7590943Z State: Stopping, Action: UnmountingVolumes, LastError: ImagePullUnauthorizedFailure, LastErrorTimestamp: 03/07/2026 12:05:49, LastErrorDetails: Failed to pull image: secureappregistrydev123.azurecr.io/secureapp:v1. Image pull failed with forbidden or unauthorized. Check registry credentials., Details: Site container: secureapp-dev-usman terminated during site startup. Cancelling site startup., DetailsLevel: ERR
2026-03-07T12:05:49.7762346Z State: Stopping, Action: StoppingSiteNetworks, LastError: ImagePullUnauthorizedFailure, LastErrorTimestamp: 03/07/2026 12:05:49, LastErrorDetails: Failed to pull image: secureappregistrydev123.azurecr.io/secureapp:v1. Image pull failed with forbidden or unauthorized. Check registry credentials., Details: Site container: secureapp-dev-usman terminated during site startup. Cancelling site startup., DetailsLevel: ERR
2026-03-07T12:05:50.0292882Z State: Stopped, Action: None, LastError: ImagePullUnauthorizedFailure, LastErrorTimestamp: 03/07/2026 12:05:49, LastErrorDetails: Failed to pull image: secureappregistrydev123.azurecr.io/secureapp:v1. Image pull failed with forbidden or unauthorized. Check registry credentials., Details: Site stopped at 03/07/2026 12:05:50 (UTC), DetailsLevel: ERR
2026-03-07T12:05:50.0885354Z State: Stopped, Action: None, LastError: ImagePullUnauthorizedFailure, LastErrorTimestamp: 03/07/2026 12:05:49, LastErrorDetails: Failed to pull image: secureappregistrydev123.azurecr.io/secureapp:v1. Image pull failed with forbidden or unauthorized. Check registry credentials., Details: Site stopped at 03/07/2026 12:05:50 (UTC), DetailsLevel: ERR
2026-03-07T12:06:00.2322002Z State: Starting, Action: EstablishingSiteNetworks, LastError: ImagePullUnauthorizedFailure, LastErrorTimestamp: 03/07/2026 12:05:49, LastErrorDetails: Failed to pull image: secureappregistrydev123.azurecr.io/secureapp:v1. Image pull failed with forbidden or unauthorized. Check registry credentials., Details: Site stopped at 03/07/2026 12:05:50 (UTC), DetailsLevel: ERR
2026-03-07T12:06:01.7359743Z State: Starting, Action: StartingMsiContainer, LastError: ImagePullUnauthorizedFailure, LastErrorTimestamp: 03/07/2026 12:05:49, LastErrorDetails: Failed to pull image: secureappregistrydev123.azurecr.io/secureapp:v1. Image pull failed with forbidden or unauthorized. Check registry credentials., Details: Site stopped at 03/07/2026 12:05:50 (UTC), DetailsLevel: ERR
2026-03-07T12:06:05.3591300Z State: Starting, Action: StartingSiteContainers, LastError: ImagePullUnauthorizedFailure, LastErrorTimestamp: 03/07/2026 12:05:49, LastErrorDetails: Failed to pull image: secureappregistrydev123.azurecr.io/secureapp:v1. Image pull failed with forbidden or unauthorized. Check registry credentials., Details: Site stopped at 03/07/2026 12:05:50 (UTC), DetailsLevel: ERR
2026-03-07T12:06:05.3596499Z Container start method called.
2026-03-07T12:06:05.3597639Z State: Starting, Action: PullingImage, LastError: ImagePullUnauthorizedFailure, LastErrorTimestamp: 03/07/2026 12:05:49, LastErrorDetails: Failed to pull image: secureappregistrydev123.azurecr.io/secureapp:v1. Image pull failed with forbidden or unauthorized. Check registry credentials., Details: Pulling image secureappregistrydev123.azurecr.io/secureapp:v1 for secureapp-dev-usman., DetailsLevel: INFO
2026-03-07T12:06:05.3599482Z Establishing network.
2026-03-07T12:06:05.3601550Z Pulling image: secureappregistrydev123.azurecr.io/secureapp:v1.
2026-03-07T12:06:07.7983125Z Container pull image failed with reason: ImagePullFailure. Revert by terminate.
2026-03-07T12:06:07.7985406Z Container is terminating. Grace period: 5 seconds.
2026-03-07T12:06:07.7986699Z Container spec TerminationMessagePolicy  path 
2026-03-07T12:06:07.7987711Z Container is terminated. Total time elapsed: 0 ms.
2026-03-07T12:06:07.7988515Z Site container: secureapp-dev-usman terminated during site startup.
2026-03-07T12:06:07.8016763Z State: Stopping, Action: CancellingStartup, LastError: ImagePullUnauthorizedFailure, LastErrorTimestamp: 03/07/2026 12:05:49, LastErrorDetails: Failed to pull image: secureappregistrydev123.azurecr.io/secureapp:v1. Image pull failed with forbidden or unauthorized. Check registry credentials., Details: Site container: secureapp-dev-usman terminated during site startup. Cancelling site startup., DetailsLevel: ERR
2026-03-07T12:06:07.8364162Z State: Stopping, Action: CancellingStartup, LastError: ImagePullUnauthorizedFailure, LastErrorTimestamp: 03/07/2026 12:06:07, LastErrorDetails: Failed to pull image: secureappregistrydev123.azurecr.io/secureapp:v1. Image pull failed with forbidden or unauthorized. Check registry credentials., Details: Site container: secureapp-dev-usman terminated during site startup. Cancelling site startup., DetailsLevel: ERR
2026-03-07T12:06:07.8435308Z Failed to start site. Revert by stopping site.
2026-03-07T12:06:07.8448823Z State: Stopping, Action: StoppingSite, LastError: ImagePullUnauthorizedFailure, LastErrorTimestamp: 03/07/2026 12:06:07, LastErrorDetails: Failed to pull image: secureappregistrydev123.azurecr.io/secureapp:v1. Image pull failed with forbidden or unauthorized. Check registry credentials., Details: Site container: secureapp-dev-usman terminated during site startup. Cancelling site startup., DetailsLevel: ERR
2026-03-07T12:06:07.8451538Z State: Stopping, Action: StoppingSiteContainers, LastError: ImagePullUnauthorizedFailure, LastErrorTimestamp: 03/07/2026 12:06:07, LastErrorDetails: Failed to pull image: secureappregistrydev123.azurecr.io/secureapp:v1. Image pull failed with forbidden or unauthorized. Check registry credentials., Details: Site container: secureapp-dev-usman terminated during site startup. Cancelling site startup., DetailsLevel: ERR
2026-03-07T12:06:07.8451735Z Site: secureapp-dev-usman stopped.
2026-03-07T12:06:07.8478210Z State: Stopping, Action: UnmountingVolumes, LastError: ImagePullUnauthorizedFailure, LastErrorTimestamp: 03/07/2026 12:06:07, LastErrorDetails: Failed to pull image: secureappregistrydev123.azurecr.io/secureapp:v1. Image pull failed with forbidden or unauthorized. Check registry credentials., Details: Site container: secureapp-dev-usman terminated during site startup. Cancelling site startup., DetailsLevel: ERR
2026-03-07T12:06:08.5396415Z Site container: secureapp-dev-usman_managedIdentity terminated during site startup.
2026-03-07T12:06:08.5404659Z State: Stopping, Action: UnmountingVolumes, LastError: ImagePullUnauthorizedFailure, LastErrorTimestamp: 03/07/2026 12:06:07, LastErrorDetails: Failed to pull image: secureappregistrydev123.azurecr.io/secureapp:v1. Image pull failed with forbidden or unauthorized. Check registry credentials., Details: Site container: secureapp-dev-usman terminated during site startup. Cancelling site startup., DetailsLevel: ERR
2026-03-07T12:06:08.5691673Z State: Stopping, Action: StoppingSiteNetworks, LastError: ImagePullUnauthorizedFailure, LastErrorTimestamp: 03/07/2026 12:06:07, LastErrorDetails: Failed to pull image: secureappregistrydev123.azurecr.io/secureapp:v1. Image pull failed with forbidden or unauthorized. Check registry credentials., Details: Site container: secureapp-dev-usman terminated during site startup. Cancelling site startup., DetailsLevel: ERR
2026-03-07T12:06:08.8473226Z Site: secureapp-dev-usman will be blocked for 1 minutes till 03/07/2026 12:07:08
2026-03-07T12:06:08.8475513Z State: Blocked, Action: StoppingSiteNetworks, LastError: ImagePullUnauthorizedFailure, LastErrorTimestamp: 03/07/2026 12:06:07, LastErrorDetails: Failed to pull image: secureappregistrydev123.azurecr.io/secureapp:v1. Image pull failed with forbidden or unauthorized. Check registry credentials., Details: Site: secureapp-dev-usman will be blocked for 1 minutes till 03/07/2026 12:07:08, DetailsLevel: WARN
2026-03-07T12:06:08.8577328Z State: Stopped, Action: None, LastError: ImagePullUnauthorizedFailure, LastErrorTimestamp: 03/07/2026 12:06:07, LastErrorDetails: Failed to pull image: secureappregistrydev123.azurecr.io/secureapp:v1. Image pull failed with forbidden or unauthorized. Check registry credentials., Details: Site stopped at 03/07/2026 12:06:08 (UTC), DetailsLevel: WARN
2026-03-07T12:06:08.9048062Z State: Stopped, Action: None, LastError: ImagePullUnauthorizedFailure, LastErrorTimestamp: 03/07/2026 12:06:07, LastErrorDetails: Failed to pull image: secureappregistrydev123.azurecr.io/secureapp:v1. Image pull failed with forbidden or unauthorized. Check registry credentials., Details: Site stopped at 03/07/2026 12:06:08 (UTC), DetailsLevel: WARN
2026-03-07T12:06:13.9740932Z State: Blocked, Action: None, LastError: ImagePullUnauthorizedFailure, LastErrorTimestamp: 03/07/2026 12:06:07, LastErrorDetails: Failed to pull image: secureappregistrydev123.azurecr.io/secureapp:v1. Image pull failed with forbidden or unauthorized. Check registry credentials., Details: Site is blocked due to multiple, consecutive cold start failures. Site scheduled to be unblocked at 03/07/2026 12:07:08, DetailsLevel: WARN
2026-03-07T12:06:13.9741357Z Start site prohibitted because the site is being blocked.
2026-03-07T12:06:15.0471339Z State: Blocked, Action: None, LastError: ImagePullUnauthorizedFailure, LastErrorTimestamp: 03/07/2026 12:06:07, LastErrorDetails: Failed to pull image: secureappregistrydev123.azurecr.io/secureapp:v1. Image pull failed with forbidden or unauthorized. Check registry credentials., Details: Site is blocked due to multiple, consecutive cold start failures. Site scheduled to be unblocked at 03/07/2026 12:07:08, DetailsLevel: WARN
2026-03-07T12:06:15.0471969Z Start site prohibitted because the site is being blocked.
2026-03-07T12:06:15.5426860Z State: Blocked, Action: None, LastError: ImagePullUnauthorizedFailure, LastErrorTimestamp: 03/07/2026 12:06:07, LastErrorDetails: Failed to pull image: secureappregistrydev123.azurecr.io/secureapp:v1. Image pull failed with forbidden or unauthorized. Check registry credentials., Details: Site is blocked due to multiple, consecutive cold start failures. Site scheduled to be unblocked at 03/07/2026 12:07:08, DetailsLevel: WARN
2026-03-07T12:06:15.5427185Z Start site prohibitted because the site is being blocked.
2026-03-07T12:06:19.0209466Z State: Blocked, Action: None, LastError: ImagePullUnauthorizedFailure, LastErrorTimestamp: 03/07/2026 12:06:07, LastErrorDetails: Failed to pull image: secureappregistrydev123.azurecr.io/secureapp:v1. Image pull failed with forbidden or unauthorized. Check registry credentials., Details: Site is blocked due to multiple, consecutive cold start failures. Site scheduled to be unblocked at 03/07/2026 12:07:08, DetailsLevel: WARN
2026-03-07T12:06:19.0209798Z Start site prohibitted because the site is being blocked.
2026-03-07T12:06:21.4007830Z State: Blocked, Action: None, LastError: ImagePullUnauthorizedFailure, LastErrorTimestamp: 03/07/2026 12:06:07, LastErrorDetails: Failed to pull image: secureappregistrydev123.azurecr.io/secureapp:v1. Image pull failed with forbidden or unauthorized. Check registry credentials., Details: Site is blocked due to multiple, consecutive cold start failures. Site scheduled to be unblocked at 03/07/2026 12:07:08, DetailsLevel: WARN
2026-03-07T12:06:21.4008123Z Start site prohibitted because the site is being blocked.
2026-03-07T12:06:22.4148520Z State: Blocked, Action: None, LastError: ImagePullUnauthorizedFailure, LastErrorTimestamp: 03/07/2026 12:06:07, LastErrorDetails: Failed to pull image: secureappregistrydev123.azurecr.io/secureapp:v1. Image pull failed with forbidden or unauthorized. Check registry credentials., Details: Site is blocked due to multiple, consecutive cold start failures. Site scheduled to be unblocked at 03/07/2026 12:07:08, DetailsLevel: WARN
2026-03-07T12:06:22.4148917Z Start site prohibitted because the site is being blocked.
2026-03-07T12:06:23.9803430Z State: Blocked, Action: None, LastError: ImagePullUnauthorizedFailure, LastErrorTimestamp: 03/07/2026 12:06:07, LastErrorDetails: Failed to pull image: secureappregistrydev123.azurecr.io/secureapp:v1. Image pull failed with forbidden or unauthorized. Check registry credentials., Details: Site is blocked due to multiple, consecutive cold start failures. Site scheduled to be unblocked at 03/07/2026 12:07:08, DetailsLevel: WARN
2026-03-07T12:06:23.9803739Z Start site prohibitted because the site is being blocked.
2026-03-07T12:06:24.0784717Z State: Blocked, Action: None, LastError: ImagePullUnauthorizedFailure, LastErrorTimestamp: 03/07/2026 12:06:07, LastErrorDetails: Failed to pull image: secureappregistrydev123.azurecr.io/secureapp:v1. Image pull failed with forbidden or unauthorized. Check registry credentials., Details: Site is blocked due to multiple, consecutive cold start failures. Site scheduled to be unblocked at 03/07/2026 12:07:08, DetailsLevel: WARN
2026-03-07T12:06:24.0784982Z Start site prohibitted because the site is being blocked.
2026-03-07T12:06:24.9704382Z State: Blocked, Action: None, LastError: ImagePullUnauthorizedFailure, LastErrorTimestamp: 03/07/2026 12:06:07, LastErrorDetails: Failed to pull image: secureappregistrydev123.azurecr.io/secureapp:v1. Image pull failed with forbidden or unauthorized. Check registry credentials., Details: Site is blocked due to multiple, consecutive cold start failures. Site scheduled to be unblocked at 03/07/2026 12:07:08, DetailsLevel: WARN
2026-03-07T12:06:24.9704736Z Start site prohibitted because the site is being blocked.
2026-03-07T12:06:25.7307886Z State: Blocked, Action: None, LastError: ImagePullUnauthorizedFailure, LastErrorTimestamp: 03/07/2026 12:06:07, LastErrorDetails: Failed to pull image: secureappregistrydev123.azurecr.io/secureapp:v1. Image pull failed with forbidden or unauthorized. Check registry credentials., Details: Site is blocked due to multiple, consecutive cold start failures. Site scheduled to be unblocked at 03/07/2026 12:07:08, DetailsLevel: WARN
2026-03-07T12:06:25.7308183Z Start site prohibitted because the site is being blocked.
2026-03-07T12:06:26.8107822Z State: Blocked, Action: None, LastError: ImagePullUnauthorizedFailure, LastErrorTimestamp: 03/07/2026 12:06:07, LastErrorDetails: Failed to pull image: secureappregistrydev123.azurecr.io/secureapp:v1. Image pull failed with forbidden or unauthorized. Check registry credentials., Details: Site is blocked due to multiple, consecutive cold start failures. Site scheduled to be unblocked at 03/07/2026 12:07:08, DetailsLevel: WARN
2026-03-07T12:06:26.8108467Z Start site prohibitted because the site is being blocked.
2026-03-07T12:06:29.1582651Z State: Blocked, Action: None, LastError: ImagePullUnauthorizedFailure, LastErrorTimestamp: 03/07/2026 12:06:07, LastErrorDetails: Failed to pull image: secureappregistrydev123.azurecr.io/secureapp:v1. Image pull failed with forbidden or unauthorized. Check registry credentials., Details: Site is blocked due to multiple, consecutive cold start failures. Site scheduled to be unblocked at 03/07/2026 12:07:08, DetailsLevel: WARN
2026-03-07T12:06:29.1583561Z Start site prohibitted because the site is being blocked.
2026-03-07T12:06:34.2106236Z State: Blocked, Action: None, LastError: ImagePullUnauthorizedFailure, LastErrorTimestamp: 03/07/2026 12:06:07, LastErrorDetails: Failed to pull image: secureappregistrydev123.azurecr.io/secureapp:v1. Image pull failed with forbidden or unauthorized. Check registry credentials., Details: Site is blocked due to multiple, consecutive cold start failures. Site scheduled to be unblocked at 03/07/2026 12:07:08, DetailsLevel: WARN
2026-03-07T12:06:34.2108408Z Start site prohibitted because the site is being blocked.
2026-03-07T12:06:39.2700442Z State: Blocked, Action: None, LastError: ImagePullUnauthorizedFailure, LastErrorTimestamp: 03/07/2026 12:06:07, LastErrorDetails: Failed to pull image: secureappregistrydev123.azurecr.io/secureapp:v1. Image pull failed with forbidden or unauthorized. Check registry credentials., Details: Site is blocked due to multiple, consecutive cold start failures. Site scheduled to be unblocked at 03/07/2026 12:07:08, DetailsLevel: WARN
2026-03-07T12:06:39.2700858Z Start site prohibitted because the site is being blocked.
2026-03-07T12:06:44.3697327Z State: Blocked, Action: None, LastError: ImagePullUnauthorizedFailure, LastErrorTimestamp: 03/07/2026 12:06:07, LastErrorDetails: Failed to pull image: secureappregistrydev123.azurecr.io/secureapp:v1. Image pull failed with forbidden or unauthorized. Check registry credentials., Details: Site is blocked due to multiple, consecutive cold start failures. Site scheduled to be unblocked at 03/07/2026 12:07:08, DetailsLevel: WARN
2026-03-07T12:06:44.3697611Z Start site prohibitted because the site is being blocked.
2026-03-07T12:06:49.4127729Z State: Blocked, Action: None, LastError: ImagePullUnauthorizedFailure, LastErrorTimestamp: 03/07/2026 12:06:07, LastErrorDetails: Failed to pull image: secureappregistrydev123.azurecr.io/secureapp:v1. Image pull failed with forbidden or unauthorized. Check registry credentials., Details: Site is blocked due to multiple, consecutive cold start failures. Site scheduled to be unblocked at 03/07/2026 12:07:08, DetailsLevel: WARN
2026-03-07T12:06:49.4129881Z Start site prohibitted because the site is being blocked.
2026-03-07T12:06:54.4627464Z State: Blocked, Action: None, LastError: ImagePullUnauthorizedFailure, LastErrorTimestamp: 03/07/2026 12:06:07, LastErrorDetails: Failed to pull image: secureappregistrydev123.azurecr.io/secureapp:v1. Image pull failed with forbidden or unauthorized. Check registry credentials., Details: Site is blocked due to multiple, consecutive cold start failures. Site scheduled to be unblocked at 03/07/2026 12:07:08, DetailsLevel: WARN
2026-03-07T12:06:54.4627772Z Start site prohibitted because the site is being blocked.
2026-03-07T12:06:59.5140955Z State: Blocked, Action: None, LastError: ImagePullUnauthorizedFailure, LastErrorTimestamp: 03/07/2026 12:06:07, LastErrorDetails: Failed to pull image: secureappregistrydev123.azurecr.io/secureapp:v1. Image pull failed with forbidden or unauthorized. Check registry credentials., Details: Site is blocked due to multiple, consecutive cold start failures. Site scheduled to be unblocked at 03/07/2026 12:07:08, DetailsLevel: WARN
2026-03-07T12:06:59.5141320Z Start site prohibitted because the site is being blocked.
2026-03-07T12:07:04.5655380Z State: Blocked, Action: None, LastError: ImagePullUnauthorizedFailure, LastErrorTimestamp: 03/07/2026 12:06:07, LastErrorDetails: Failed to pull image: secureappregistrydev123.azurecr.io/secureapp:v1. Image pull failed with forbidden or unauthorized. Check registry credentials., Details: Site is blocked due to multiple, consecutive cold start failures. Site scheduled to be unblocked at 03/07/2026 12:07:08, DetailsLevel: WARN
2026-03-07T12:07:04.5655733Z Start site prohibitted because the site is being blocked.
2026-03-07T12:07:08.8453491Z Site: secureapp-dev-usman is unblocked.
2026-03-07T12:07:09.6578840Z State: Starting, Action: EstablishingSiteNetworks, LastError: ImagePullUnauthorizedFailure, LastErrorTimestamp: 03/07/2026 12:06:07, LastErrorDetails: Failed to pull image: secureappregistrydev123.azurecr.io/secureapp:v1. Image pull failed with forbidden or unauthorized. Check registry credentials., Details: Site is blocked due to multiple, consecutive cold start failures. Site scheduled to be unblocked at 03/07/2026 12:07:08, DetailsLevel: WARN
2026-03-07T12:07:12.7471043Z State: Starting, Action: StartingMsiContainer, LastError: ImagePullUnauthorizedFailure, LastErrorTimestamp: 03/07/2026 12:06:07, LastErrorDetails: Failed to pull image: secureappregistrydev123.azurecr.io/secureapp:v1. Image pull failed with forbidden or unauthorized. Check registry credentials., Details: Site is blocked due to multiple, consecutive cold start failures. Site scheduled to be unblocked at 03/07/2026 12:07:08, DetailsLevel: WARN
2026-03-07T12:07:20.7534537Z State: Starting, Action: StartingSiteContainers, LastError: ImagePullUnauthorizedFailure, LastErrorTimestamp: 03/07/2026 12:06:07, LastErrorDetails: Failed to pull image: secureappregistrydev123.azurecr.io/secureapp:v1. Image pull failed with forbidden or unauthorized. Check registry credentials., Details: Site is blocked due to multiple, consecutive cold start failures. Site scheduled to be unblocked at 03/07/2026 12:07:08, DetailsLevel: WARN
2026-03-07T12:07:20.7588488Z Container start method called.
2026-03-07T12:07:20.7596799Z State: Starting, Action: PullingImage, LastError: ImagePullUnauthorizedFailure, LastErrorTimestamp: 03/07/2026 12:06:07, LastErrorDetails: Failed to pull image: secureappregistrydev123.azurecr.io/secureapp:v1. Image pull failed with forbidden or unauthorized. Check registry credentials., Details: Pulling image secureappregistrydev123.azurecr.io/secureapp:v1 for secureapp-dev-usman., DetailsLevel: INFO
2026-03-07T12:07:20.7598374Z Establishing network.
2026-03-07T12:07:20.7605900Z Pulling image: secureappregistrydev123.azurecr.io/secureapp:v1.
2026-03-07T12:07:23.0651877Z Container pull image failed with reason: ImagePullFailure. Revert by terminate.
2026-03-07T12:07:23.0664375Z Container is terminating. Grace period: 5 seconds.
2026-03-07T12:07:23.0745275Z Container spec TerminationMessagePolicy  path 
2026-03-07T12:07:23.0747837Z Container is terminated. Total time elapsed: 8 ms.
2026-03-07T12:07:23.0749657Z Site container: secureapp-dev-usman terminated during site startup.
2026-03-07T12:07:23.0751033Z State: Stopping, Action: CancellingStartup, LastError: ImagePullUnauthorizedFailure, LastErrorTimestamp: 03/07/2026 12:06:07, LastErrorDetails: Failed to pull image: secureappregistrydev123.azurecr.io/secureapp:v1. Image pull failed with forbidden or unauthorized. Check registry credentials., Details: Site container: secureapp-dev-usman terminated during site startup. Cancelling site startup., DetailsLevel: ERR
2026-03-07T12:07:23.0758154Z State: Stopping, Action: CancellingStartup, LastError: ImagePullUnauthorizedFailure, LastErrorTimestamp: 03/07/2026 12:07:23, LastErrorDetails: Failed to pull image: secureappregistrydev123.azurecr.io/secureapp:v1. Image pull failed with forbidden or unauthorized. Check registry credentials., Details: Site container: secureapp-dev-usman terminated during site startup. Cancelling site startup., DetailsLevel: ERR
2026-03-07T12:07:23.0804736Z Failed to start site. Revert by stopping site.
2026-03-07T12:07:23.0823275Z State: Stopping, Action: StoppingSite, LastError: ImagePullUnauthorizedFailure, LastErrorTimestamp: 03/07/2026 12:07:23, LastErrorDetails: Failed to pull image: secureappregistrydev123.azurecr.io/secureapp:v1. Image pull failed with forbidden or unauthorized. Check registry credentials., Details: Site container: secureapp-dev-usman terminated during site startup. Cancelling site startup., DetailsLevel: ERR
2026-03-07T12:07:23.0827266Z State: Stopping, Action: StoppingSiteContainers, LastError: ImagePullUnauthorizedFailure, LastErrorTimestamp: 03/07/2026 12:07:23, LastErrorDetails: Failed to pull image: secureappregistrydev123.azurecr.io/secureapp:v1. Image pull failed with forbidden or unauthorized. Check registry credentials., Details: Site container: secureapp-dev-usman terminated during site startup. Cancelling site startup., DetailsLevel: ERR
2026-03-07T12:07:23.0827455Z Site: secureapp-dev-usman stopped.
2026-03-07T12:08:20.5465118Z State: Starting, Action: EstablishingSiteNetworks, LastError: ImagePullUnauthorizedFailure, LastErrorTimestamp: 03/07/2026 12:07:23, LastErrorDetails: Failed to pull image: secureappregistrydev123.azurecr.io/secureapp:v1. Image pull failed with forbidden or unauthorized. Check registry credentials., Details: Site is blocked due to multiple, consecutive cold start failures. Site scheduled to be unblocked at 03/07/2026 12:08:23, DetailsLevel: WARN
2026-03-07T12:08:21.2537702Z State: Starting, Action: StartingMsiContainer, LastError: ImagePullUnauthorizedFailure, LastErrorTimestamp: 03/07/2026 12:07:23, LastErrorDetails: Failed to pull image: secureappregistrydev123.azurecr.io/secureapp:v1. Image pull failed with forbidden or unauthorized. Check registry credentials., Details: Site is blocked due to multiple, consecutive cold start failures. Site scheduled to be unblocked at 03/07/2026 12:08:23, DetailsLevel: WARN
2026-03-07T12:08:24.2104362Z State: Starting, Action: StartingSiteContainers, LastError: ImagePullUnauthorizedFailure, LastErrorTimestamp: 03/07/2026 12:07:23, LastErrorDetails: Failed to pull image: secureappregistrydev123.azurecr.io/secureapp:v1. Image pull failed with forbidden or unauthorized. Check registry credentials., Details: Site is blocked due to multiple, consecutive cold start failures. Site scheduled to be unblocked at 03/07/2026 12:08:23, DetailsLevel: WARN
2026-03-07T12:08:24.2106067Z Container start method called.
2026-03-07T12:08:24.2106814Z State: Starting, Action: PullingImage, LastError: ImagePullUnauthorizedFailure, LastErrorTimestamp: 03/07/2026 12:07:23, LastErrorDetails: Failed to pull image: secureappregistrydev123.azurecr.io/secureapp:v1. Image pull failed with forbidden or unauthorized. Check registry credentials., Details: Pulling image secureappregistrydev123.azurecr.io/secureapp:v1 for secureapp-dev-usman., DetailsLevel: INFO
2026-03-07T12:08:24.2107929Z Establishing network.
2026-03-07T12:08:24.2109393Z Pulling image: secureappregistrydev123.azurecr.io/secureapp:v1.
2026-03-07T12:08:26.2248626Z Container pull image failed with reason: ImagePullFailure. Revert by terminate.
2026-03-07T12:08:26.2250476Z Container is terminating. Grace period: 5 seconds.
2026-03-07T12:08:26.2251820Z Container spec TerminationMessagePolicy  path 
2026-03-07T12:08:26.2253262Z Container is terminated. Total time elapsed: 0 ms.
2026-03-07T12:08:26.2256102Z Site container: secureapp-dev-usman terminated during site startup.
2026-03-07T12:08:26.2380389Z State: Stopping, Action: CancellingStartup, LastError: ImagePullUnauthorizedFailure, LastErrorTimestamp: 03/07/2026 12:07:23, LastErrorDetails: Failed to pull image: secureappregistrydev123.azurecr.io/secureapp:v1. Image pull failed with forbidden or unauthorized. Check registry credentials., Details: Site container: secureapp-dev-usman terminated during site startup. Cancelling site startup., DetailsLevel: ERR
2026-03-07T12:08:26.2390774Z State: Stopping, Action: CancellingStartup, LastError: ImagePullUnauthorizedFailure, LastErrorTimestamp: 03/07/2026 12:08:26, LastErrorDetails: Failed to pull image: secureappregistrydev123.azurecr.io/secureapp:v1. Image pull failed with forbidden or unauthorized. Check registry credentials., Details: Site container: secureapp-dev-usman terminated during site startup. Cancelling site startup., DetailsLevel: ERR
2026-03-07T12:08:26.2430727Z Failed to start site. Revert by stopping site.
2026-03-07T12:08:26.2432536Z State: Stopping, Action: StoppingSite, LastError: ImagePullUnauthorizedFailure, LastErrorTimestamp: 03/07/2026 12:08:26, LastErrorDetails: Failed to pull image: secureappregistrydev123.azurecr.io/secureapp:v1. Image pull failed with forbidden or unauthorized. Check registry credentials., Details: Site container: secureapp-dev-usman terminated during site startup. Cancelling site startup., DetailsLevel: ERR
2026-03-07T12:08:26.2435985Z State: Stopping, Action: StoppingSiteContainers, LastError: ImagePullUnauthorizedFailure, LastErrorTimestamp: 03/07/2026 12:08:26, LastErrorDetails: Failed to pull image: secureappregistrydev123.azurecr.io/secureapp:v1. Image pull failed with forbidden or unauthorized. Check registry credentials., Details: Site container: secureapp-dev-usman terminated during site startup. Cancelling site startup., DetailsLevel: ERR
2026-03-07T12:08:26.2436119Z Site: secureapp-dev-usman stopped.
2026-03-07T12:08:26.2459000Z State: Stopping, Action: UnmountingVolumes, LastError: ImagePullUnauthorizedFailure, LastErrorTimestamp: 03/07/2026 12:08:26, LastErrorDetails: Failed to pull image: secureappregistrydev123.azurecr.io/secureapp:v1. Image pull failed with forbidden or unauthorized. Check registry credentials., Details: Site container: secureapp-dev-usman terminated during site startup. Cancelling site startup., DetailsLevel: ERR
2026-03-07T12:08:26.5285209Z Site container: secureapp-dev-usman_managedIdentity terminated during site startup.
2026-03-07T12:08:26.5285913Z State: Stopping, Action: UnmountingVolumes, LastError: ImagePullUnauthorizedFailure, LastErrorTimestamp: 03/07/2026 12:08:26, LastErrorDetails: Failed to pull image: secureappregistrydev123.azurecr.io/secureapp:v1. Image pull failed with forbidden or unauthorized. Check registry credentials., Details: Site container: secureapp-dev-usman terminated during site startup. Cancelling site startup., DetailsLevel: ERR
2026-03-07T12:08:26.5422982Z State: Stopping, Action: StoppingSiteNetworks, LastError: ImagePullUnauthorizedFailure, LastErrorTimestamp: 03/07/2026 12:08:26, LastErrorDetails: Failed to pull image: secureappregistrydev123.azurecr.io/secureapp:v1. Image pull failed with forbidden or unauthorized. Check registry credentials., Details: Site container: secureapp-dev-usman terminated during site startup. Cancelling site startup., DetailsLevel: ERR
2026-03-07T12:08:26.7747966Z State: Stopped, Action: None, LastError: ImagePullUnauthorizedFailure, LastErrorTimestamp: 03/07/2026 12:08:26, LastErrorDetails: Failed to pull image: secureappregistrydev123.azurecr.io/secureapp:v1. Image pull failed with forbidden or unauthorized. Check registry credentials., Details: Site stopped at 03/07/2026 12:08:26 (UTC), DetailsLevel: ERR
2026-03-07T12:08:26.8023452Z State: Stopped, Action: None, LastError: ImagePullUnauthorizedFailure, LastErrorTimestamp: 03/07/2026 12:08:26, LastErrorDetails: Failed to pull image: secureappregistrydev123.azurecr.io/secureapp:v1. Image pull failed with forbidden or unauthorized. Check registry credentials., Details: Site stopped at 03/07/2026 12:08:26 (UTC), DetailsLevel: ERR
2026-03-07T12:08:31.8591086Z State: Starting, Action: EstablishingSiteNetworks, LastError: ImagePullUnauthorizedFailure, LastErrorTimestamp: 03/07/2026 12:08:26, LastErrorDetails: Failed to pull image: secureappregistrydev123.azurecr.io/secureapp:v1. Image pull failed with forbidden or unauthorized. Check registry credentials., Details: Site stopped at 03/07/2026 12:08:26 (UTC), DetailsLevel: ERR
2026-03-07T12:08:32.2841493Z State: Starting, Action: StartingMsiContainer, LastError: ImagePullUnauthorizedFailure, LastErrorTimestamp: 03/07/2026 12:08:26, LastErrorDetails: Failed to pull image: secureappregistrydev123.azurecr.io/secureapp:v1. Image pull failed with forbidden or unauthorized. Check registry credentials., Details: Site stopped at 03/07/2026 12:08:26 (UTC), DetailsLevel: ERR
2026-03-07T12:08:35.1289390Z State: Starting, Action: StartingSiteContainers, LastError: ImagePullUnauthorizedFailure, LastErrorTimestamp: 03/07/2026 12:08:26, LastErrorDetails: Failed to pull image: secureappregistrydev123.azurecr.io/secureapp:v1. Image pull failed with forbidden or unauthorized. Check registry credentials., Details: Site stopped at 03/07/2026 12:08:26 (UTC), DetailsLevel: ERR
2026-03-07T12:08:35.1290886Z Container start method called.
2026-03-07T12:08:35.1291457Z State: Starting, Action: PullingImage, LastError: ImagePullUnauthorizedFailure, LastErrorTimestamp: 03/07/2026 12:08:26, LastErrorDetails: Failed to pull image: secureappregistrydev123.azurecr.io/secureapp:v1. Image pull failed with forbidden or unauthorized. Check registry credentials., Details: Pulling image secureappregistrydev123.azurecr.io/secureapp:v1 for secureapp-dev-usman., DetailsLevel: INFO
2026-03-07T12:08:35.1292743Z Establishing network.
2026-03-07T12:08:35.1347563Z Pulling image: secureappregistrydev123.azurecr.io/secureapp:v1.
2026-03-07T12:08:36.8767840Z Container pull image failed with reason: ImagePullFailure. Revert by terminate.
2026-03-07T12:08:36.8769762Z Container is terminating. Grace period: 5 seconds.
2026-03-07T12:08:36.8772626Z Container spec TerminationMessagePolicy  path 
2026-03-07T12:08:36.8775527Z Container is terminated. Total time elapsed: 0 ms.
2026-03-07T12:08:36.8777524Z Site container: secureapp-dev-usman terminated during site startup.
2026-03-07T12:08:36.8778958Z State: Stopping, Action: CancellingStartup, LastError: ImagePullUnauthorizedFailure, LastErrorTimestamp: 03/07/2026 12:08:26, LastErrorDetails: Failed to pull image: secureappregistrydev123.azurecr.io/secureapp:v1. Image pull failed with forbidden or unauthorized. Check registry credentials., Details: Site container: secureapp-dev-usman terminated during site startup. Cancelling site startup., DetailsLevel: ERR
2026-03-07T12:08:36.8794300Z State: Stopping, Action: CancellingStartup, LastError: ImagePullUnauthorizedFailure, LastErrorTimestamp: 03/07/2026 12:08:36, LastErrorDetails: Failed to pull image: secureappregistrydev123.azurecr.io/secureapp:v1. Image pull failed with forbidden or unauthorized. Check registry credentials., Details: Site container: secureapp-dev-usman terminated during site startup. Cancelling site startup., DetailsLevel: ERR
2026-03-07T12:08:36.8838116Z Failed to start site. Revert by stopping site.
2026-03-07T12:08:36.8842917Z State: Stopping, Action: StoppingSite, LastError: ImagePullUnauthorizedFailure, LastErrorTimestamp: 03/07/2026 12:08:36, LastErrorDetails: Failed to pull image: secureappregistrydev123.azurecr.io/secureapp:v1. Image pull failed with forbidden or unauthorized. Check registry credentials., Details: Site container: secureapp-dev-usman terminated during site startup. Cancelling site startup., DetailsLevel: ERR
2026-03-07T12:08:36.8844756Z State: Stopping, Action: StoppingSiteContainers, LastError: ImagePullUnauthorizedFailure, LastErrorTimestamp: 03/07/2026 12:08:36, LastErrorDetails: Failed to pull image: secureappregistrydev123.azurecr.io/secureapp:v1. Image pull failed with forbidden or unauthorized. Check registry credentials., Details: Site container: secureapp-dev-usman terminated during site startup. Cancelling site startup., DetailsLevel: ERR
2026-03-07T12:08:36.8844891Z Site: secureapp-dev-usman stopped.
