2026-03-07T11:54:18.3475129Z State: Starting, Action: EstablishingSiteNetworks, LastError: , LastErrorTimestamp: 01/01/0001 00:00:00, LastErrorDetails: , Details: , DetailsLevel: INFO
2026-03-07T11:54:19.1795841Z State: Starting, Action: StartingSiteContainers, LastError: , LastErrorTimestamp: 01/01/0001 00:00:00, LastErrorDetails: , Details: , DetailsLevel: INFO
2026-03-07T11:54:19.1855041Z Container start method called.
2026-03-07T11:54:19.1954372Z State: Starting, Action: PullingImage, LastError: , LastErrorTimestamp: 01/01/0001 00:00:00, LastErrorDetails: , Details: Pulling image secureappregistrydev123.azurecr.io/secureapp:v1 for secureapp-dev-usman., DetailsLevel: INFO
2026-03-07T11:54:19.1962522Z Establishing network.
2026-03-07T11:54:19.1972883Z Pulling image: secureappregistrydev123.azurecr.io/secureapp:v1.
2026-03-07T11:54:21.8570523Z Container pull image failed with reason: ImagePullFailure. Revert by terminate.
2026-03-07T11:54:21.8605688Z Container is terminating. Grace period: 5 seconds.
2026-03-07T11:54:21.8623431Z Container spec TerminationMessagePolicy  path 
2026-03-07T11:54:21.8646927Z Container is terminated. Total time elapsed: 3 ms.
2026-03-07T11:54:21.8648892Z Site container: secureapp-dev-usman terminated during site startup.
2026-03-07T11:54:21.8662546Z State: Stopping, Action: CancellingStartup, LastError: , LastErrorTimestamp: 01/01/0001 00:00:00, LastErrorDetails: , Details: Site container: secureapp-dev-usman terminated during site startup. Cancelling site startup., DetailsLevel: ERR
2026-03-07T11:54:21.8758085Z State: Stopping, Action: CancellingStartup, LastError: ImagePullUnauthorizedFailure, LastErrorTimestamp: 03/07/2026 11:54:21, LastErrorDetails: Failed to pull image: secureappregistrydev123.azurecr.io/secureapp:v1. Image pull failed with forbidden or unauthorized. Check registry credentials., Details: Site container: secureapp-dev-usman terminated during site startup. Cancelling site startup., DetailsLevel: ERR
2026-03-07T11:54:21.8799793Z Failed to start site. Revert by stopping site.
2026-03-07T11:54:21.8840218Z State: Stopping, Action: StoppingSite, LastError: ImagePullUnauthorizedFailure, LastErrorTimestamp: 03/07/2026 11:54:21, LastErrorDetails: Failed to pull image: secureappregistrydev123.azurecr.io/secureapp:v1. Image pull failed with forbidden or unauthorized. Check registry credentials., Details: Site container: secureapp-dev-usman terminated during site startup. Cancelling site startup., DetailsLevel: ERR
2026-03-07T11:54:21.8861475Z State: Stopping, Action: StoppingSiteContainers, LastError: ImagePullUnauthorizedFailure, LastErrorTimestamp: 03/07/2026 11:54:21, LastErrorDetails: Failed to pull image: secureappregistrydev123.azurecr.io/secureapp:v1. Image pull failed with forbidden or unauthorized. Check registry credentials., Details: Site container: secureapp-dev-usman terminated during site startup. Cancelling site startup., DetailsLevel: ERR
2026-03-07T11:54:21.8871067Z Site: secureapp-dev-usman stopped.
2026-03-07T11:54:21.8941315Z State: Stopping, Action: UnmountingVolumes, LastError: ImagePullUnauthorizedFailure, LastErrorTimestamp: 03/07/2026 11:54:21, LastErrorDetails: Failed to pull image: secureappregistrydev123.azurecr.io/secureapp:v1. Image pull failed with forbidden or unauthorized. Check registry credentials., Details: Site container: secureapp-dev-usman terminated during site startup. Cancelling site startup., DetailsLevel: ERR
2026-03-07T11:54:21.9582173Z State: Stopping, Action: StoppingSiteNetworks, LastError: ImagePullUnauthorizedFailure, LastErrorTimestamp: 03/07/2026 11:54:21, LastErrorDetails: Failed to pull image: secureappregistrydev123.azurecr.io/secureapp:v1. Image pull failed with forbidden or unauthorized. Check registry credentials., Details: Site container: secureapp-dev-usman terminated during site startup. Cancelling site startup., DetailsLevel: ERR
2026-03-07T11:54:22.1534566Z State: Stopped, Action: None, LastError: ImagePullUnauthorizedFailure, LastErrorTimestamp: 03/07/2026 11:54:21, LastErrorDetails: Failed to pull image: secureappregistrydev123.azurecr.io/secureapp:v1. Image pull failed with forbidden or unauthorized. Check registry credentials., Details: Site stopped at 03/07/2026 11:54:22 (UTC), DetailsLevel: ERR
2026-03-07T11:54:22.2173387Z State: Stopped, Action: None, LastError: ImagePullUnauthorizedFailure, LastErrorTimestamp: 03/07/2026 11:54:21, LastErrorDetails: Failed to pull image: secureappregistrydev123.azurecr.io/secureapp:v1. Image pull failed with forbidden or unauthorized. Check registry credentials., Details: Site stopped at 03/07/2026 11:54:22 (UTC), DetailsLevel: ERR
2026-03-07T11:54:26.6073583Z State: Starting, Action: EstablishingSiteNetworks, LastError: ImagePullUnauthorizedFailure, LastErrorTimestamp: 03/07/2026 11:54:21, LastErrorDetails: Failed to pull image: secureappregistrydev123.azurecr.io/secureapp:v1. Image pull failed with forbidden or unauthorized. Check registry credentials., Details: Site stopped at 03/07/2026 11:54:22 (UTC), DetailsLevel: ERR
2026-03-07T11:54:26.9819422Z State: Starting, Action: StartingSiteContainers, LastError: ImagePullUnauthorizedFailure, LastErrorTimestamp: 03/07/2026 11:54:21, LastErrorDetails: Failed to pull image: secureappregistrydev123.azurecr.io/secureapp:v1. Image pull failed with forbidden or unauthorized. Check registry credentials., Details: Site stopped at 03/07/2026 11:54:22 (UTC), DetailsLevel: ERR
2026-03-07T11:54:26.9847947Z Container start method called.
2026-03-07T11:54:26.9849286Z State: Starting, Action: PullingImage, LastError: ImagePullUnauthorizedFailure, LastErrorTimestamp: 03/07/2026 11:54:21, LastErrorDetails: Failed to pull image: secureappregistrydev123.azurecr.io/secureapp:v1. Image pull failed with forbidden or unauthorized. Check registry credentials., Details: Pulling image secureappregistrydev123.azurecr.io/secureapp:v1 for secureapp-dev-usman., DetailsLevel: INFO
2026-03-07T11:54:26.9858523Z Establishing network.
2026-03-07T11:54:26.9866019Z Pulling image: secureappregistrydev123.azurecr.io/secureapp:v1.
2026-03-07T11:54:28.5688662Z Container pull image failed with reason: ImagePullFailure. Revert by terminate.
2026-03-07T11:54:28.5694310Z Container is terminating. Grace period: 5 seconds.
2026-03-07T11:54:28.5696078Z Container spec TerminationMessagePolicy  path 
2026-03-07T11:54:28.5699139Z Container is terminated. Total time elapsed: 0 ms.
2026-03-07T11:54:28.5701137Z Site container: secureapp-dev-usman terminated during site startup.
2026-03-07T11:54:28.5711315Z State: Stopping, Action: CancellingStartup, LastError: ImagePullUnauthorizedFailure, LastErrorTimestamp: 03/07/2026 11:54:21, LastErrorDetails: Failed to pull image: secureappregistrydev123.azurecr.io/secureapp:v1. Image pull failed with forbidden or unauthorized. Check registry credentials., Details: Site container: secureapp-dev-usman terminated during site startup. Cancelling site startup., DetailsLevel: ERR
2026-03-07T11:54:28.5731575Z State: Stopping, Action: CancellingStartup, LastError: ImagePullUnauthorizedFailure, LastErrorTimestamp: 03/07/2026 11:54:28, LastErrorDetails: Failed to pull image: secureappregistrydev123.azurecr.io/secureapp:v1. Image pull failed with forbidden or unauthorized. Check registry credentials., Details: Site container: secureapp-dev-usman terminated during site startup. Cancelling site startup., DetailsLevel: ERR
2026-03-07T11:54:28.5786687Z Failed to start site. Revert by stopping site.
2026-03-07T11:54:28.5803664Z State: Stopping, Action: StoppingSite, LastError: ImagePullUnauthorizedFailure, LastErrorTimestamp: 03/07/2026 11:54:28, LastErrorDetails: Failed to pull image: secureappregistrydev123.azurecr.io/secureapp:v1. Image pull failed with forbidden or unauthorized. Check registry credentials., Details: Site container: secureapp-dev-usman terminated during site startup. Cancelling site startup., DetailsLevel: ERR
2026-03-07T11:54:28.5805796Z State: Stopping, Action: StoppingSiteContainers, LastError: ImagePullUnauthorizedFailure, LastErrorTimestamp: 03/07/2026 11:54:28, LastErrorDetails: Failed to pull image: secureappregistrydev123.azurecr.io/secureapp:v1. Image pull failed with forbidden or unauthorized. Check registry credentials., Details: Site container: secureapp-dev-usman terminated during site startup. Cancelling site startup., DetailsLevel: ERR
2026-03-07T11:54:28.5805974Z Site: secureapp-dev-usman stopped.
2026-03-07T11:54:28.5833452Z State: Stopping, Action: UnmountingVolumes, LastError: ImagePullUnauthorizedFailure, LastErrorTimestamp: 03/07/2026 11:54:28, LastErrorDetails: Failed to pull image: secureappregistrydev123.azurecr.io/secureapp:v1. Image pull failed with forbidden or unauthorized. Check registry credentials., Details: Site container: secureapp-dev-usman terminated during site startup. Cancelling site startup., DetailsLevel: ERR
2026-03-07T11:54:28.6304923Z State: Stopping, Action: StoppingSiteNetworks, LastError: ImagePullUnauthorizedFailure, LastErrorTimestamp: 03/07/2026 11:54:28, LastErrorDetails: Failed to pull image: secureappregistrydev123.azurecr.io/secureapp:v1. Image pull failed with forbidden or unauthorized. Check registry credentials., Details: Site container: secureapp-dev-usman terminated during site startup. Cancelling site startup., DetailsLevel: ERR
2026-03-07T11:54:28.8056954Z Site: secureapp-dev-usman will be blocked for 1 minutes till 03/07/2026 11:55:28
2026-03-07T11:54:28.8062659Z State: Blocked, Action: StoppingSiteNetworks, LastError: ImagePullUnauthorizedFailure, LastErrorTimestamp: 03/07/2026 11:54:28, LastErrorDetails: Failed to pull image: secureappregistrydev123.azurecr.io/secureapp:v1. Image pull failed with forbidden or unauthorized. Check registry credentials., Details: Site: secureapp-dev-usman will be blocked for 1 minutes till 03/07/2026 11:55:28, DetailsLevel: WARN
2026-03-07T11:54:28.8144745Z State: Stopped, Action: None, LastError: ImagePullUnauthorizedFailure, LastErrorTimestamp: 03/07/2026 11:54:28, LastErrorDetails: Failed to pull image: secureappregistrydev123.azurecr.io/secureapp:v1. Image pull failed with forbidden or unauthorized. Check registry credentials., Details: Site stopped at 03/07/2026 11:54:28 (UTC), DetailsLevel: WARN
2026-03-07T11:54:28.8466808Z State: Stopped, Action: None, LastError: ImagePullUnauthorizedFailure, LastErrorTimestamp: 03/07/2026 11:54:28, LastErrorDetails: Failed to pull image: secureappregistrydev123.azurecr.io/secureapp:v1. Image pull failed with forbidden or unauthorized. Check registry credentials., Details: Site stopped at 03/07/2026 11:54:28 (UTC), DetailsLevel: WARN
2026-03-07T11:54:31.4577716Z State: Blocked, Action: None, LastError: ImagePullUnauthorizedFailure, LastErrorTimestamp: 03/07/2026 11:54:28, LastErrorDetails: Failed to pull image: secureappregistrydev123.azurecr.io/secureapp:v1. Image pull failed with forbidden or unauthorized. Check registry credentials., Details: Site is blocked due to multiple, consecutive cold start failures. Site scheduled to be unblocked at 03/07/2026 11:55:28, DetailsLevel: WARN
2026-03-07T11:54:31.4578269Z Start site prohibitted because the site is being blocked.
2026-03-07T11:54:36.5164548Z State: Blocked, Action: None, LastError: ImagePullUnauthorizedFailure, LastErrorTimestamp: 03/07/2026 11:54:28, LastErrorDetails: Failed to pull image: secureappregistrydev123.azurecr.io/secureapp:v1. Image pull failed with forbidden or unauthorized. Check registry credentials., Details: Site is blocked due to multiple, consecutive cold start failures. Site scheduled to be unblocked at 03/07/2026 11:55:28, DetailsLevel: WARN
2026-03-07T11:54:36.5165027Z Start site prohibitted because the site is being blocked.
2026-03-07T11:54:41.5918126Z State: Blocked, Action: None, LastError: ImagePullUnauthorizedFailure, LastErrorTimestamp: 03/07/2026 11:54:28, LastErrorDetails: Failed to pull image: secureappregistrydev123.azurecr.io/secureapp:v1. Image pull failed with forbidden or unauthorized. Check registry credentials., Details: Site is blocked due to multiple, consecutive cold start failures. Site scheduled to be unblocked at 03/07/2026 11:55:28, DetailsLevel: WARN
2026-03-07T11:54:41.5918448Z Start site prohibitted because the site is being blocked.
2026-03-07T11:54:46.6600942Z State: Blocked, Action: None, LastError: ImagePullUnauthorizedFailure, LastErrorTimestamp: 03/07/2026 11:54:28, LastErrorDetails: Failed to pull image: secureappregistrydev123.azurecr.io/secureapp:v1. Image pull failed with forbidden or unauthorized. Check registry credentials., Details: Site is blocked due to multiple, consecutive cold start failures. Site scheduled to be unblocked at 03/07/2026 11:55:28, DetailsLevel: WARN
2026-03-07T11:54:46.6604797Z Start site prohibitted because the site is being blocked.
2026-03-07T11:54:51.7217638Z State: Blocked, Action: None, LastError: ImagePullUnauthorizedFailure, LastErrorTimestamp: 03/07/2026 11:54:28, LastErrorDetails: Failed to pull image: secureappregistrydev123.azurecr.io/secureapp:v1. Image pull failed with forbidden or unauthorized. Check registry credentials., Details: Site is blocked due to multiple, consecutive cold start failures. Site scheduled to be unblocked at 03/07/2026 11:55:28, DetailsLevel: WARN
2026-03-07T11:54:51.7217950Z Start site prohibitted because the site is being blocked.
2026-03-07T11:54:56.8022203Z State: Blocked, Action: None, LastError: ImagePullUnauthorizedFailure, LastErrorTimestamp: 03/07/2026 11:54:28, LastErrorDetails: Failed to pull image: secureappregistrydev123.azurecr.io/secureapp:v1. Image pull failed with forbidden or unauthorized. Check registry credentials., Details: Site is blocked due to multiple, consecutive cold start failures. Site scheduled to be unblocked at 03/07/2026 11:55:28, DetailsLevel: WARN
2026-03-07T11:54:56.8022537Z Start site prohibitted because the site is being blocked.
2026-03-07T11:55:01.8800870Z State: Blocked, Action: None, LastError: ImagePullUnauthorizedFailure, LastErrorTimestamp: 03/07/2026 11:54:28, LastErrorDetails: Failed to pull image: secureappregistrydev123.azurecr.io/secureapp:v1. Image pull failed with forbidden or unauthorized. Check registry credentials., Details: Site is blocked due to multiple, consecutive cold start failures. Site scheduled to be unblocked at 03/07/2026 11:55:28, DetailsLevel: WARN
2026-03-07T11:55:01.8801786Z Start site prohibitted because the site is being blocked.
2026-03-07T11:55:06.9401751Z State: Blocked, Action: None, LastError: ImagePullUnauthorizedFailure, LastErrorTimestamp: 03/07/2026 11:54:28, LastErrorDetails: Failed to pull image: secureappregistrydev123.azurecr.io/secureapp:v1. Image pull failed with forbidden or unauthorized. Check registry credentials., Details: Site is blocked due to multiple, consecutive cold start failures. Site scheduled to be unblocked at 03/07/2026 11:55:28, DetailsLevel: WARN
2026-03-07T11:55:06.9402059Z Start site prohibitted because the site is being blocked.
2026-03-07T11:55:11.9992800Z State: Blocked, Action: None, LastError: ImagePullUnauthorizedFailure, LastErrorTimestamp: 03/07/2026 11:54:28, LastErrorDetails: Failed to pull image: secureappregistrydev123.azurecr.io/secureapp:v1. Image pull failed with forbidden or unauthorized. Check registry credentials., Details: Site is blocked due to multiple, consecutive cold start failures. Site scheduled to be unblocked at 03/07/2026 11:55:28, DetailsLevel: WARN
2026-03-07T11:55:11.9993385Z Start site prohibitted because the site is being blocked.
2026-03-07T11:55:17.0495969Z State: Blocked, Action: None, LastError: ImagePullUnauthorizedFailure, LastErrorTimestamp: 03/07/2026 11:54:28, LastErrorDetails: Failed to pull image: secureappregistrydev123.azurecr.io/secureapp:v1. Image pull failed with forbidden or unauthorized. Check registry credentials., Details: Site is blocked due to multiple, consecutive cold start failures. Site scheduled to be unblocked at 03/07/2026 11:55:28, DetailsLevel: WARN
2026-03-07T11:55:17.0496389Z Start site prohibitted because the site is being blocked.
2026-03-07T11:55:22.0976865Z State: Blocked, Action: None, LastError: ImagePullUnauthorizedFailure, LastErrorTimestamp: 03/07/2026 11:54:28, LastErrorDetails: Failed to pull image: secureappregistrydev123.azurecr.io/secureapp:v1. Image pull failed with forbidden or unauthorized. Check registry credentials., Details: Site is blocked due to multiple, consecutive cold start failures. Site scheduled to be unblocked at 03/07/2026 11:55:28, DetailsLevel: WARN
2026-03-07T11:55:22.0977128Z Start site prohibitted because the site is being blocked.
2026-03-07T11:55:27.1715304Z State: Blocked, Action: None, LastError: ImagePullUnauthorizedFailure, LastErrorTimestamp: 03/07/2026 11:54:28, LastErrorDetails: Failed to pull image: secureappregistrydev123.azurecr.io/secureapp:v1. Image pull failed with forbidden or unauthorized. Check registry credentials., Details: Site is blocked due to multiple, consecutive cold start failures. Site scheduled to be unblocked at 03/07/2026 11:55:28, DetailsLevel: WARN
2026-03-07T11:55:27.1715670Z Start site prohibitted because the site is being blocked.
2026-03-07T11:55:28.8071099Z Site: secureapp-dev-usman is unblocked.
2026-03-07T11:55:32.2243313Z State: Starting, Action: EstablishingSiteNetworks, LastError: ImagePullUnauthorizedFailure, LastErrorTimestamp: 03/07/2026 11:54:28, LastErrorDetails: Failed to pull image: secureappregistrydev123.azurecr.io/secureapp:v1. Image pull failed with forbidden or unauthorized. Check registry credentials., Details: Site is blocked due to multiple, consecutive cold start failures. Site scheduled to be unblocked at 03/07/2026 11:55:28, DetailsLevel: WARN
2026-03-07T11:55:32.8563775Z State: Starting, Action: StartingSiteContainers, LastError: ImagePullUnauthorizedFailure, LastErrorTimestamp: 03/07/2026 11:54:28, LastErrorDetails: Failed to pull image: secureappregistrydev123.azurecr.io/secureapp:v1. Image pull failed with forbidden or unauthorized. Check registry credentials., Details: Site is blocked due to multiple, consecutive cold start failures. Site scheduled to be unblocked at 03/07/2026 11:55:28, DetailsLevel: WARN
2026-03-07T11:55:32.8565316Z Container start method called.
2026-03-07T11:55:32.8565784Z State: Starting, Action: PullingImage, LastError: ImagePullUnauthorizedFailure, LastErrorTimestamp: 03/07/2026 11:54:28, LastErrorDetails: Failed to pull image: secureappregistrydev123.azurecr.io/secureapp:v1. Image pull failed with forbidden or unauthorized. Check registry credentials., Details: Pulling image secureappregistrydev123.azurecr.io/secureapp:v1 for secureapp-dev-usman., DetailsLevel: INFO
2026-03-07T11:55:32.8566980Z Establishing network.
2026-03-07T11:55:32.8568312Z Pulling image: secureappregistrydev123.azurecr.io/secureapp:v1.
2026-03-07T11:55:34.6270192Z Container pull image failed with reason: ImagePullFailure. Revert by terminate.
2026-03-07T11:55:34.6272043Z Container is terminating. Grace period: 5 seconds.
2026-03-07T11:55:34.6273352Z Container spec TerminationMessagePolicy  path 
2026-03-07T11:55:34.6274911Z Container is terminated. Total time elapsed: 0 ms.
2026-03-07T11:55:34.6276720Z Site container: secureapp-dev-usman terminated during site startup.
2026-03-07T11:55:34.6277876Z State: Stopping, Action: CancellingStartup, LastError: ImagePullUnauthorizedFailure, LastErrorTimestamp: 03/07/2026 11:54:28, LastErrorDetails: Failed to pull image: secureappregistrydev123.azurecr.io/secureapp:v1. Image pull failed with forbidden or unauthorized. Check registry credentials., Details: Site container: secureapp-dev-usman terminated during site startup. Cancelling site startup., DetailsLevel: ERR
2026-03-07T11:55:34.6289165Z State: Stopping, Action: CancellingStartup, LastError: ImagePullUnauthorizedFailure, LastErrorTimestamp: 03/07/2026 11:55:34, LastErrorDetails: Failed to pull image: secureappregistrydev123.azurecr.io/secureapp:v1. Image pull failed with forbidden or unauthorized. Check registry credentials., Details: Site container: secureapp-dev-usman terminated during site startup. Cancelling site startup., DetailsLevel: ERR
2026-03-07T11:55:34.6348815Z Failed to start site. Revert by stopping site.
2026-03-07T11:55:34.6352544Z State: Stopping, Action: StoppingSite, LastError: ImagePullUnauthorizedFailure, LastErrorTimestamp: 03/07/2026 11:55:34, LastErrorDetails: Failed to pull image: secureappregistrydev123.azurecr.io/secureapp:v1. Image pull failed with forbidden or unauthorized. Check registry credentials., Details: Site container: secureapp-dev-usman terminated during site startup. Cancelling site startup., DetailsLevel: ERR
2026-03-07T11:55:34.6363761Z State: Stopping, Action: StoppingSiteContainers, LastError: ImagePullUnauthorizedFailure, LastErrorTimestamp: 03/07/2026 11:55:34, LastErrorDetails: Failed to pull image: secureappregistrydev123.azurecr.io/secureapp:v1. Image pull failed with forbidden or unauthorized. Check registry credentials., Details: Site container: secureapp-dev-usman terminated during site startup. Cancelling site startup., DetailsLevel: ERR
2026-03-07T11:55:34.6364266Z Site: secureapp-dev-usman stopped.
2026-03-07T11:56:03.2062478Z State: Starting, Action: EstablishingSiteNetworks, LastError: ImagePullUnauthorizedFailure, LastErrorTimestamp: 03/07/2026 11:55:34, LastErrorDetails: Failed to pull image: secureappregistrydev123.azurecr.io/secureapp:v1. Image pull failed with forbidden or unauthorized. Check registry credentials., Details: Site stopped at 03/07/2026 11:55:34 (UTC), DetailsLevel: WARN
2026-03-07T11:56:03.5292450Z State: Starting, Action: StartingSiteContainers, LastError: ImagePullUnauthorizedFailure, LastErrorTimestamp: 03/07/2026 11:55:34, LastErrorDetails: Failed to pull image: secureappregistrydev123.azurecr.io/secureapp:v1. Image pull failed with forbidden or unauthorized. Check registry credentials., Details: Site stopped at 03/07/2026 11:55:34 (UTC), DetailsLevel: WARN
2026-03-07T11:56:03.5294338Z Container start method called.
2026-03-07T11:56:03.5326835Z State: Starting, Action: PullingImage, LastError: ImagePullUnauthorizedFailure, LastErrorTimestamp: 03/07/2026 11:55:34, LastErrorDetails: Failed to pull image: secureappregistrydev123.azurecr.io/secureapp:v1. Image pull failed with forbidden or unauthorized. Check registry credentials., Details: Pulling image secureappregistrydev123.azurecr.io/secureapp:v1 for secureapp-dev-usman., DetailsLevel: INFO
2026-03-07T11:56:03.5328665Z Establishing network.
2026-03-07T11:56:03.5329944Z Pulling image: secureappregistrydev123.azurecr.io/secureapp:v1.
2026-03-07T11:56:04.9553800Z Container pull image failed with reason: ImagePullFailure. Revert by terminate.
2026-03-07T11:56:04.9555702Z Container is terminating. Grace period: 5 seconds.
2026-03-07T11:56:04.9556940Z Container spec TerminationMessagePolicy  path 
2026-03-07T11:56:04.9560390Z Container is terminated. Total time elapsed: 0 ms.
2026-03-07T11:56:04.9562138Z Site container: secureapp-dev-usman terminated during site startup.
2026-03-07T11:56:04.9562955Z State: Stopping, Action: CancellingStartup, LastError: ImagePullUnauthorizedFailure, LastErrorTimestamp: 03/07/2026 11:55:34, LastErrorDetails: Failed to pull image: secureappregistrydev123.azurecr.io/secureapp:v1. Image pull failed with forbidden or unauthorized. Check registry credentials., Details: Site container: secureapp-dev-usman terminated during site startup. Cancelling site startup., DetailsLevel: ERR
2026-03-07T11:56:04.9571227Z State: Stopping, Action: CancellingStartup, LastError: ImagePullUnauthorizedFailure, LastErrorTimestamp: 03/07/2026 11:56:04, LastErrorDetails: Failed to pull image: secureappregistrydev123.azurecr.io/secureapp:v1. Image pull failed with forbidden or unauthorized. Check registry credentials., Details: Site container: secureapp-dev-usman terminated during site startup. Cancelling site startup., DetailsLevel: ERR
2026-03-07T11:56:04.9618068Z Failed to start site. Revert by stopping site.
2026-03-07T11:56:04.9619006Z State: Stopping, Action: StoppingSite, LastError: ImagePullUnauthorizedFailure, LastErrorTimestamp: 03/07/2026 11:56:04, LastErrorDetails: Failed to pull image: secureappregistrydev123.azurecr.io/secureapp:v1. Image pull failed with forbidden or unauthorized. Check registry credentials., Details: Site container: secureapp-dev-usman terminated during site startup. Cancelling site startup., DetailsLevel: ERR
2026-03-07T11:56:04.9620890Z State: Stopping, Action: StoppingSiteContainers, LastError: ImagePullUnauthorizedFailure, LastErrorTimestamp: 03/07/2026 11:56:04, LastErrorDetails: Failed to pull image: secureappregistrydev123.azurecr.io/secureapp:v1. Image pull failed with forbidden or unauthorized. Check registry credentials., Details: Site container: secureapp-dev-usman terminated during site startup. Cancelling site startup., DetailsLevel: ERR
2026-03-07T11:56:04.9621013Z Site: secureapp-dev-usman stopped.
2026-03-07T11:56:04.9691618Z State: Stopping, Action: UnmountingVolumes, LastError: ImagePullUnauthorizedFailure, LastErrorTimestamp: 03/07/2026 11:56:04, LastErrorDetails: Failed to pull image: secureappregistrydev123.azurecr.io/secureapp:v1. Image pull failed with forbidden or unauthorized. Check registry credentials., Details: Site container: secureapp-dev-usman terminated during site startup. Cancelling site startup., DetailsLevel: ERR
2026-03-07T11:56:05.0168987Z State: Stopping, Action: StoppingSiteNetworks, LastError: ImagePullUnauthorizedFailure, LastErrorTimestamp: 03/07/2026 11:56:04, LastErrorDetails: Failed to pull image: secureappregistrydev123.azurecr.io/secureapp:v1. Image pull failed with forbidden or unauthorized. Check registry credentials., Details: Site container: secureapp-dev-usman terminated during site startup. Cancelling site startup., DetailsLevel: ERR
2026-03-07T11:56:05.2018894Z State: Stopped, Action: None, LastError: ImagePullUnauthorizedFailure, LastErrorTimestamp: 03/07/2026 11:56:04, LastErrorDetails: Failed to pull image: secureappregistrydev123.azurecr.io/secureapp:v1. Image pull failed with forbidden or unauthorized. Check registry credentials., Details: Site stopped at 03/07/2026 11:56:05 (UTC), DetailsLevel: ERR
2026-03-07T11:56:05.2383505Z State: Stopped, Action: None, LastError: ImagePullUnauthorizedFailure, LastErrorTimestamp: 03/07/2026 11:56:04, LastErrorDetails: Failed to pull image: secureappregistrydev123.azurecr.io/secureapp:v1. Image pull failed with forbidden or unauthorized. Check registry credentials., Details: Site stopped at 03/07/2026 11:56:05 (UTC), DetailsLevel: ERR
2026-03-07T11:56:10.2934994Z State: Starting, Action: EstablishingSiteNetworks, LastError: ImagePullUnauthorizedFailure, LastErrorTimestamp: 03/07/2026 11:56:04, LastErrorDetails: Failed to pull image: secureappregistrydev123.azurecr.io/secureapp:v1. Image pull failed with forbidden or unauthorized. Check registry credentials., Details: Site stopped at 03/07/2026 11:56:05 (UTC), DetailsLevel: ERR
2026-03-07T11:56:10.6143675Z State: Starting, Action: StartingSiteContainers, LastError: ImagePullUnauthorizedFailure, LastErrorTimestamp: 03/07/2026 11:56:04, LastErrorDetails: Failed to pull image: secureappregistrydev123.azurecr.io/secureapp:v1. Image pull failed with forbidden or unauthorized. Check registry credentials., Details: Site stopped at 03/07/2026 11:56:05 (UTC), DetailsLevel: ERR
2026-03-07T11:56:10.6174417Z Container start method called.
2026-03-07T11:56:10.6183154Z State: Starting, Action: PullingImage, LastError: ImagePullUnauthorizedFailure, LastErrorTimestamp: 03/07/2026 11:56:04, LastErrorDetails: Failed to pull image: secureappregistrydev123.azurecr.io/secureapp:v1. Image pull failed with forbidden or unauthorized. Check registry credentials., Details: Pulling image secureappregistrydev123.azurecr.io/secureapp:v1 for secureapp-dev-usman., DetailsLevel: INFO
2026-03-07T11:56:10.6187502Z Establishing network.
2026-03-07T11:56:10.6204734Z Pulling image: secureappregistrydev123.azurecr.io/secureapp:v1.
2026-03-07T11:56:12.0131386Z Container pull image failed with reason: ImagePullFailure. Revert by terminate.
2026-03-07T11:56:12.0133293Z Container is terminating. Grace period: 5 seconds.
2026-03-07T11:56:12.0135312Z Container spec TerminationMessagePolicy  path 
2026-03-07T11:56:12.0138423Z Container is terminated. Total time elapsed: 0 ms.
2026-03-07T11:56:12.0139615Z Site container: secureapp-dev-usman terminated during site startup.
2026-03-07T11:56:12.0145313Z State: Stopping, Action: CancellingStartup, LastError: ImagePullUnauthorizedFailure, LastErrorTimestamp: 03/07/2026 11:56:04, LastErrorDetails: Failed to pull image: secureappregistrydev123.azurecr.io/secureapp:v1. Image pull failed with forbidden or unauthorized. Check registry credentials., Details: Site container: secureapp-dev-usman terminated during site startup. Cancelling site startup., DetailsLevel: ERR
2026-03-07T11:56:12.0163196Z State: Stopping, Action: CancellingStartup, LastError: ImagePullUnauthorizedFailure, LastErrorTimestamp: 03/07/2026 11:56:12, LastErrorDetails: Failed to pull image: secureappregistrydev123.azurecr.io/secureapp:v1. Image pull failed with forbidden or unauthorized. Check registry credentials., Details: Site container: secureapp-dev-usman terminated during site startup. Cancelling site startup., DetailsLevel: ERR
2026-03-07T11:56:12.0211968Z Failed to start site. Revert by stopping site.
2026-03-07T11:56:12.0213341Z State: Stopping, Action: StoppingSite, LastError: ImagePullUnauthorizedFailure, LastErrorTimestamp: 03/07/2026 11:56:12, LastErrorDetails: Failed to pull image: secureappregistrydev123.azurecr.io/secureapp:v1. Image pull failed with forbidden or unauthorized. Check registry credentials., Details: Site container: secureapp-dev-usman terminated during site startup. Cancelling site startup., DetailsLevel: ERR
2026-03-07T11:56:12.0215850Z State: Stopping, Action: StoppingSiteContainers, LastError: ImagePullUnauthorizedFailure, LastErrorTimestamp: 03/07/2026 11:56:12, LastErrorDetails: Failed to pull image: secureappregistrydev123.azurecr.io/secureapp:v1. Image pull failed with forbidden or unauthorized. Check registry credentials., Details: Site container: secureapp-dev-usman terminated during site startup. Cancelling site startup., DetailsLevel: ERR
2026-03-07T11:56:12.0216029Z Site: secureapp-dev-usman stopped.
2026-03-07T11:56:48.0124070Z State: Starting, Action: EstablishingSiteNetworks, LastError: ImagePullUnauthorizedFailure, LastErrorTimestamp: 03/07/2026 11:56:12, LastErrorDetails: Failed to pull image: secureappregistrydev123.azurecr.io/secureapp:v1. Image pull failed with forbidden or unauthorized. Check registry credentials., Details: Site is blocked due to multiple, consecutive cold start failures. Site scheduled to be unblocked at 03/07/2026 11:57:12, DetailsLevel: WARN
2026-03-07T11:56:48.4413430Z State: Starting, Action: StartingSiteContainers, LastError: ImagePullUnauthorizedFailure, LastErrorTimestamp: 03/07/2026 11:56:12, LastErrorDetails: Failed to pull image: secureappregistrydev123.azurecr.io/secureapp:v1. Image pull failed with forbidden or unauthorized. Check registry credentials., Details: Site is blocked due to multiple, consecutive cold start failures. Site scheduled to be unblocked at 03/07/2026 11:57:12, DetailsLevel: WARN
2026-03-07T11:56:48.4415346Z Container start method called.
2026-03-07T11:56:48.4415817Z State: Starting, Action: PullingImage, LastError: ImagePullUnauthorizedFailure, LastErrorTimestamp: 03/07/2026 11:56:12, LastErrorDetails: Failed to pull image: secureappregistrydev123.azurecr.io/secureapp:v1. Image pull failed with forbidden or unauthorized. Check registry credentials., Details: Pulling image secureappregistrydev123.azurecr.io/secureapp:v1 for secureapp-dev-usman., DetailsLevel: INFO
2026-03-07T11:56:48.4416921Z Establishing network.
2026-03-07T11:56:48.4418281Z Pulling image: secureappregistrydev123.azurecr.io/secureapp:v1.
2026-03-07T11:56:49.9911484Z Container pull image failed with reason: ImagePullFailure. Revert by terminate.
2026-03-07T11:56:49.9913395Z Container is terminating. Grace period: 5 seconds.
2026-03-07T11:56:49.9914858Z Container spec TerminationMessagePolicy  path 
2026-03-07T11:56:49.9916516Z Container is terminated. Total time elapsed: 0 ms.
2026-03-07T11:56:49.9917680Z Site container: secureapp-dev-usman terminated during site startup.
2026-03-07T11:56:49.9918824Z State: Stopping, Action: CancellingStartup, LastError: ImagePullUnauthorizedFailure, LastErrorTimestamp: 03/07/2026 11:56:12, LastErrorDetails: Failed to pull image: secureappregistrydev123.azurecr.io/secureapp:v1. Image pull failed with forbidden or unauthorized. Check registry credentials., Details: Site container: secureapp-dev-usman terminated during site startup. Cancelling site startup., DetailsLevel: ERR
2026-03-07T11:56:49.9951381Z State: Stopping, Action: CancellingStartup, LastError: ImagePullUnauthorizedFailure, LastErrorTimestamp: 03/07/2026 11:56:49, LastErrorDetails: Failed to pull image: secureappregistrydev123.azurecr.io/secureapp:v1. Image pull failed with forbidden or unauthorized. Check registry credentials., Details: Site container: secureapp-dev-usman terminated during site startup. Cancelling site startup., DetailsLevel: ERR
2026-03-07T11:56:49.9995710Z Failed to start site. Revert by stopping site.
2026-03-07T11:56:50.0000696Z State: Stopping, Action: StoppingSite, LastError: ImagePullUnauthorizedFailure, LastErrorTimestamp: 03/07/2026 11:56:49, LastErrorDetails: Failed to pull image: secureappregistrydev123.azurecr.io/secureapp:v1. Image pull failed with forbidden or unauthorized. Check registry credentials., Details: Site container: secureapp-dev-usman terminated during site startup. Cancelling site startup., DetailsLevel: ERR
2026-03-07T11:56:50.0007971Z State: Stopping, Action: StoppingSiteContainers, LastError: ImagePullUnauthorizedFailure, LastErrorTimestamp: 03/07/2026 11:56:49, LastErrorDetails: Failed to pull image: secureappregistrydev123.azurecr.io/secureapp:v1. Image pull failed with forbidden or unauthorized. Check registry credentials., Details: Site container: secureapp-dev-usman terminated during site startup. Cancelling site startup., DetailsLevel: ERR
2026-03-07T11:56:50.0008168Z Site: secureapp-dev-usman stopped.
2026-03-07T11:56:50.0031192Z State: Stopping, Action: UnmountingVolumes, LastError: ImagePullUnauthorizedFailure, LastErrorTimestamp: 03/07/2026 11:56:49, LastErrorDetails: Failed to pull image: secureappregistrydev123.azurecr.io/secureapp:v1. Image pull failed with forbidden or unauthorized. Check registry credentials., Details: Site container: secureapp-dev-usman terminated during site startup. Cancelling site startup., DetailsLevel: ERR
2026-03-07T11:56:50.0534611Z State: Stopping, Action: StoppingSiteNetworks, LastError: ImagePullUnauthorizedFailure, LastErrorTimestamp: 03/07/2026 11:56:49, LastErrorDetails: Failed to pull image: secureappregistrydev123.azurecr.io/secureapp:v1. Image pull failed with forbidden or unauthorized. Check registry credentials., Details: Site container: secureapp-dev-usman terminated during site startup. Cancelling site startup., DetailsLevel: ERR
2026-03-07T11:56:50.2295395Z State: Stopped, Action: None, LastError: ImagePullUnauthorizedFailure, LastErrorTimestamp: 03/07/2026 11:56:49, LastErrorDetails: Failed to pull image: secureappregistrydev123.azurecr.io/secureapp:v1. Image pull failed with forbidden or unauthorized. Check registry credentials., Details: Site stopped at 03/07/2026 11:56:50 (UTC), DetailsLevel: ERR
2026-03-07T11:56:50.2650271Z State: Stopped, Action: None, LastError: ImagePullUnauthorizedFailure, LastErrorTimestamp: 03/07/2026 11:56:49, LastErrorDetails: Failed to pull image: secureappregistrydev123.azurecr.io/secureapp:v1. Image pull failed with forbidden or unauthorized. Check registry credentials., Details: Site stopped at 03/07/2026 11:56:50 (UTC), DetailsLevel: ERR
2026-03-07T11:56:55.2931210Z State: Starting, Action: EstablishingSiteNetworks, LastError: ImagePullUnauthorizedFailure, LastErrorTimestamp: 03/07/2026 11:56:49, LastErrorDetails: Failed to pull image: secureappregistrydev123.azurecr.io/secureapp:v1. Image pull failed with forbidden or unauthorized. Check registry credentials., Details: Site stopped at 03/07/2026 11:56:50 (UTC), DetailsLevel: ERR
2026-03-07T11:56:55.6053194Z State: Starting, Action: StartingSiteContainers, LastError: ImagePullUnauthorizedFailure, LastErrorTimestamp: 03/07/2026 11:56:49, LastErrorDetails: Failed to pull image: secureappregistrydev123.azurecr.io/secureapp:v1. Image pull failed with forbidden or unauthorized. Check registry credentials., Details: Site stopped at 03/07/2026 11:56:50 (UTC), DetailsLevel: ERR
2026-03-07T11:56:55.6054443Z Container start method called.
2026-03-07T11:56:55.6054907Z State: Starting, Action: PullingImage, LastError: ImagePullUnauthorizedFailure, LastErrorTimestamp: 03/07/2026 11:56:49, LastErrorDetails: Failed to pull image: secureappregistrydev123.azurecr.io/secureapp:v1. Image pull failed with forbidden or unauthorized. Check registry credentials., Details: Pulling image secureappregistrydev123.azurecr.io/secureapp:v1 for secureapp-dev-usman., DetailsLevel: INFO
2026-03-07T11:56:55.6056220Z Establishing network.
2026-03-07T11:56:55.6060890Z Pulling image: secureappregistrydev123.azurecr.io/secureapp:v1.
2026-03-07T11:56:57.0234770Z Container pull image failed with reason: ImagePullFailure. Revert by terminate.
2026-03-07T11:56:57.0242542Z Container is terminating. Grace period: 5 seconds.
2026-03-07T11:56:57.0244324Z Container spec TerminationMessagePolicy  path 
2026-03-07T11:56:57.0245710Z Container is terminated. Total time elapsed: 0 ms.
2026-03-07T11:56:57.0246880Z Site container: secureapp-dev-usman terminated during site startup.
2026-03-07T11:56:57.0247590Z State: Stopping, Action: CancellingStartup, LastError: ImagePullUnauthorizedFailure, LastErrorTimestamp: 03/07/2026 11:56:49, LastErrorDetails: Failed to pull image: secureappregistrydev123.azurecr.io/secureapp:v1. Image pull failed with forbidden or unauthorized. Check registry credentials., Details: Site container: secureapp-dev-usman terminated during site startup. Cancelling site startup., DetailsLevel: ERR
2026-03-07T11:56:57.0253070Z State: Stopping, Action: CancellingStartup, LastError: ImagePullUnauthorizedFailure, LastErrorTimestamp: 03/07/2026 11:56:57, LastErrorDetails: Failed to pull image: secureappregistrydev123.azurecr.io/secureapp:v1. Image pull failed with forbidden or unauthorized. Check registry credentials., Details: Site container: secureapp-dev-usman terminated during site startup. Cancelling site startup., DetailsLevel: ERR
2026-03-07T11:56:57.0294013Z Failed to start site. Revert by stopping site.
2026-03-07T11:56:57.0295250Z State: Stopping, Action: StoppingSite, LastError: ImagePullUnauthorizedFailure, LastErrorTimestamp: 03/07/2026 11:56:57, LastErrorDetails: Failed to pull image: secureappregistrydev123.azurecr.io/secureapp:v1. Image pull failed with forbidden or unauthorized. Check registry credentials., Details: Site container: secureapp-dev-usman terminated during site startup. Cancelling site startup., DetailsLevel: ERR
2026-03-07T11:56:57.0297009Z State: Stopping, Action: StoppingSiteContainers, LastError: ImagePullUnauthorizedFailure, LastErrorTimestamp: 03/07/2026 11:56:57, LastErrorDetails: Failed to pull image: secureappregistrydev123.azurecr.io/secureapp:v1. Image pull failed with forbidden or unauthorized. Check registry credentials., Details: Site container: secureapp-dev-usman terminated during site startup. Cancelling site startup., DetailsLevel: ERR
2026-03-07T11:56:57.0297144Z Site: secureapp-dev-usman stopped.
2026-03-07T20:02:35.7817369Z State: Starting, Action: EstablishingSiteNetworks, LastError: , LastErrorTimestamp: 01/01/0001 00:00:00, LastErrorDetails: , Details: , DetailsLevel: INFO
2026-03-07T20:02:36.7398210Z State: Starting, Action: StartingMsiContainer, LastError: , LastErrorTimestamp: 01/01/0001 00:00:00, LastErrorDetails: , Details: , DetailsLevel: INFO
2026-03-07T20:02:41.0023674Z State: Starting, Action: StartingSiteContainers, LastError: , LastErrorTimestamp: 01/01/0001 00:00:00, LastErrorDetails: , Details: , DetailsLevel: INFO
2026-03-07T20:02:41.0026977Z Container start method called.
2026-03-07T20:02:41.0027849Z State: Starting, Action: PullingImage, LastError: , LastErrorTimestamp: 01/01/0001 00:00:00, LastErrorDetails: , Details: Pulling image secureappregistrydev123.azurecr.io/secureapp:v4 for secureapp-dev-usman., DetailsLevel: INFO
2026-03-07T20:02:41.0029226Z Establishing network.
2026-03-07T20:02:41.0030935Z Pulling image: secureappregistrydev123.azurecr.io/secureapp:v4.
2026-03-07T20:02:43.6207733Z Container pull image failed with reason: ImagePullFailure. Revert by terminate.
2026-03-07T20:02:43.6251750Z Container is terminating. Grace period: 5 seconds.
2026-03-07T20:02:43.6264146Z Container spec TerminationMessagePolicy  path 
2026-03-07T20:02:43.6282196Z Container is terminated. Total time elapsed: 2 ms.
2026-03-07T20:02:43.6284184Z Site container: secureapp-dev-usman terminated during site startup.
2026-03-07T20:02:43.6313024Z State: Stopping, Action: CancellingStartup, LastError: , LastErrorTimestamp: 01/01/0001 00:00:00, LastErrorDetails: , Details: Site container: secureapp-dev-usman terminated during site startup. Cancelling site startup., DetailsLevel: ERR
2026-03-07T20:02:43.6440795Z State: Stopping, Action: CancellingStartup, LastError: ImagePullUnauthorizedFailure, LastErrorTimestamp: 03/07/2026 20:02:43, LastErrorDetails: Failed to pull image: secureappregistrydev123.azurecr.io/secureapp:v4. Image pull failed with forbidden or unauthorized. Check registry credentials., Details: Site container: secureapp-dev-usman terminated during site startup. Cancelling site startup., DetailsLevel: ERR
2026-03-07T20:02:43.6484836Z Failed to start site. Revert by stopping site.
2026-03-07T20:02:43.6545404Z State: Stopping, Action: StoppingSite, LastError: ImagePullUnauthorizedFailure, LastErrorTimestamp: 03/07/2026 20:02:43, LastErrorDetails: Failed to pull image: secureappregistrydev123.azurecr.io/secureapp:v4. Image pull failed with forbidden or unauthorized. Check registry credentials., Details: Site container: secureapp-dev-usman terminated during site startup. Cancelling site startup., DetailsLevel: ERR
2026-03-07T20:02:43.6568471Z State: Stopping, Action: StoppingSiteContainers, LastError: ImagePullUnauthorizedFailure, LastErrorTimestamp: 03/07/2026 20:02:43, LastErrorDetails: Failed to pull image: secureappregistrydev123.azurecr.io/secureapp:v4. Image pull failed with forbidden or unauthorized. Check registry credentials., Details: Site container: secureapp-dev-usman terminated during site startup. Cancelling site startup., DetailsLevel: ERR
2026-03-07T20:02:43.6578974Z Site: secureapp-dev-usman stopped.
2026-03-07T20:02:43.6660027Z State: Stopping, Action: UnmountingVolumes, LastError: ImagePullUnauthorizedFailure, LastErrorTimestamp: 03/07/2026 20:02:43, LastErrorDetails: Failed to pull image: secureappregistrydev123.azurecr.io/secureapp:v4. Image pull failed with forbidden or unauthorized. Check registry credentials., Details: Site container: secureapp-dev-usman terminated during site startup. Cancelling site startup., DetailsLevel: ERR
2026-03-07T20:02:44.0597545Z Site container: secureapp-dev-usman_managedIdentity terminated during site startup.
2026-03-07T20:02:44.0658264Z State: Stopping, Action: UnmountingVolumes, LastError: ImagePullUnauthorizedFailure, LastErrorTimestamp: 03/07/2026 20:02:43, LastErrorDetails: Failed to pull image: secureappregistrydev123.azurecr.io/secureapp:v4. Image pull failed with forbidden or unauthorized. Check registry credentials., Details: Site container: secureapp-dev-usman terminated during site startup. Cancelling site startup., DetailsLevel: ERR
2026-03-07T20:02:44.0803440Z State: Stopping, Action: StoppingSiteNetworks, LastError: ImagePullUnauthorizedFailure, LastErrorTimestamp: 03/07/2026 20:02:43, LastErrorDetails: Failed to pull image: secureappregistrydev123.azurecr.io/secureapp:v4. Image pull failed with forbidden or unauthorized. Check registry credentials., Details: Site container: secureapp-dev-usman terminated during site startup. Cancelling site startup., DetailsLevel: ERR
2026-03-07T20:02:44.3518541Z State: Stopped, Action: None, LastError: ImagePullUnauthorizedFailure, LastErrorTimestamp: 03/07/2026 20:02:43, LastErrorDetails: Failed to pull image: secureappregistrydev123.azurecr.io/secureapp:v4. Image pull failed with forbidden or unauthorized. Check registry credentials., Details: Site stopped at 03/07/2026 20:02:44 (UTC), DetailsLevel: ERR
2026-03-07T20:02:44.4401599Z State: Stopped, Action: None, LastError: ImagePullUnauthorizedFailure, LastErrorTimestamp: 03/07/2026 20:02:43, LastErrorDetails: Failed to pull image: secureappregistrydev123.azurecr.io/secureapp:v4. Image pull failed with forbidden or unauthorized. Check registry credentials., Details: Site stopped at 03/07/2026 20:02:44 (UTC), DetailsLevel: ERR
2026-03-07T20:02:51.9867946Z State: Starting, Action: EstablishingSiteNetworks, LastError: ImagePullUnauthorizedFailure, LastErrorTimestamp: 03/07/2026 20:02:43, LastErrorDetails: Failed to pull image: secureappregistrydev123.azurecr.io/secureapp:v4. Image pull failed with forbidden or unauthorized. Check registry credentials., Details: Site stopped at 03/07/2026 20:02:44 (UTC), DetailsLevel: ERR
2026-03-07T20:02:52.4709190Z State: Starting, Action: StartingMsiContainer, LastError: ImagePullUnauthorizedFailure, LastErrorTimestamp: 03/07/2026 20:02:43, LastErrorDetails: Failed to pull image: secureappregistrydev123.azurecr.io/secureapp:v4. Image pull failed with forbidden or unauthorized. Check registry credentials., Details: Site stopped at 03/07/2026 20:02:44 (UTC), DetailsLevel: ERR
2026-03-07T20:02:55.3215123Z State: Starting, Action: StartingSiteContainers, LastError: ImagePullUnauthorizedFailure, LastErrorTimestamp: 03/07/2026 20:02:43, LastErrorDetails: Failed to pull image: secureappregistrydev123.azurecr.io/secureapp:v4. Image pull failed with forbidden or unauthorized. Check registry credentials., Details: Site stopped at 03/07/2026 20:02:44 (UTC), DetailsLevel: ERR
2026-03-07T20:02:55.3217717Z Container start method called.
2026-03-07T20:02:55.3232162Z State: Starting, Action: PullingImage, LastError: ImagePullUnauthorizedFailure, LastErrorTimestamp: 03/07/2026 20:02:43, LastErrorDetails: Failed to pull image: secureappregistrydev123.azurecr.io/secureapp:v4. Image pull failed with forbidden or unauthorized. Check registry credentials., Details: Pulling image secureappregistrydev123.azurecr.io/secureapp:v4 for secureapp-dev-usman., DetailsLevel: INFO
2026-03-07T20:02:55.3240768Z Establishing network.
2026-03-07T20:02:55.3249407Z Pulling image: secureappregistrydev123.azurecr.io/secureapp:v4.
2026-03-07T20:02:57.3949989Z Container pull image failed with reason: ImagePullFailure. Revert by terminate.
2026-03-07T20:02:57.3990261Z Container is terminating. Grace period: 5 seconds.
2026-03-07T20:02:57.3997357Z Container spec TerminationMessagePolicy  path 
2026-03-07T20:02:57.4025997Z Container is terminated. Total time elapsed: 0 ms.
2026-03-07T20:02:57.4031832Z Site container: secureapp-dev-usman terminated during site startup.
2026-03-07T20:02:57.4053761Z State: Stopping, Action: CancellingStartup, LastError: ImagePullUnauthorizedFailure, LastErrorTimestamp: 03/07/2026 20:02:43, LastErrorDetails: Failed to pull image: secureappregistrydev123.azurecr.io/secureapp:v4. Image pull failed with forbidden or unauthorized. Check registry credentials., Details: Site container: secureapp-dev-usman terminated during site startup. Cancelling site startup., DetailsLevel: ERR
2026-03-07T20:02:57.4073890Z State: Stopping, Action: CancellingStartup, LastError: ImagePullUnauthorizedFailure, LastErrorTimestamp: 03/07/2026 20:02:57, LastErrorDetails: Failed to pull image: secureappregistrydev123.azurecr.io/secureapp:v4. Image pull failed with forbidden or unauthorized. Check registry credentials., Details: Site container: secureapp-dev-usman terminated during site startup. Cancelling site startup., DetailsLevel: ERR
2026-03-07T20:02:57.4151478Z Failed to start site. Revert by stopping site.
2026-03-07T20:02:57.4174367Z State: Stopping, Action: StoppingSite, LastError: ImagePullUnauthorizedFailure, LastErrorTimestamp: 03/07/2026 20:02:57, LastErrorDetails: Failed to pull image: secureappregistrydev123.azurecr.io/secureapp:v4. Image pull failed with forbidden or unauthorized. Check registry credentials., Details: Site container: secureapp-dev-usman terminated during site startup. Cancelling site startup., DetailsLevel: ERR
2026-03-07T20:02:57.4184754Z State: Stopping, Action: StoppingSiteContainers, LastError: ImagePullUnauthorizedFailure, LastErrorTimestamp: 03/07/2026 20:02:57, LastErrorDetails: Failed to pull image: secureappregistrydev123.azurecr.io/secureapp:v4. Image pull failed with forbidden or unauthorized. Check registry credentials., Details: Site container: secureapp-dev-usman terminated during site startup. Cancelling site startup., DetailsLevel: ERR
2026-03-07T20:02:57.4184957Z Site: secureapp-dev-usman stopped.
2026-03-07T20:02:57.4218998Z State: Stopping, Action: UnmountingVolumes, LastError: ImagePullUnauthorizedFailure, LastErrorTimestamp: 03/07/2026 20:02:57, LastErrorDetails: Failed to pull image: secureappregistrydev123.azurecr.io/secureapp:v4. Image pull failed with forbidden or unauthorized. Check registry credentials., Details: Site container: secureapp-dev-usman terminated during site startup. Cancelling site startup., DetailsLevel: ERR
2026-03-07T20:02:57.6499656Z Site container: secureapp-dev-usman_managedIdentity terminated during site startup.
2026-03-07T20:02:57.6501163Z State: Stopping, Action: UnmountingVolumes, LastError: ImagePullUnauthorizedFailure, LastErrorTimestamp: 03/07/2026 20:02:57, LastErrorDetails: Failed to pull image: secureappregistrydev123.azurecr.io/secureapp:v4. Image pull failed with forbidden or unauthorized. Check registry credentials., Details: Site container: secureapp-dev-usman terminated during site startup. Cancelling site startup., DetailsLevel: ERR
2026-03-07T20:02:57.6596614Z State: Stopping, Action: StoppingSiteNetworks, LastError: ImagePullUnauthorizedFailure, LastErrorTimestamp: 03/07/2026 20:02:57, LastErrorDetails: Failed to pull image: secureappregistrydev123.azurecr.io/secureapp:v4. Image pull failed with forbidden or unauthorized. Check registry credentials., Details: Site container: secureapp-dev-usman terminated during site startup. Cancelling site startup., DetailsLevel: ERR
2026-03-07T20:02:57.8716976Z Site: secureapp-dev-usman will be blocked for 1 minutes till 03/07/2026 20:03:57
2026-03-07T20:02:57.8719926Z State: Blocked, Action: StoppingSiteNetworks, LastError: ImagePullUnauthorizedFailure, LastErrorTimestamp: 03/07/2026 20:02:57, LastErrorDetails: Failed to pull image: secureappregistrydev123.azurecr.io/secureapp:v4. Image pull failed with forbidden or unauthorized. Check registry credentials., Details: Site: secureapp-dev-usman will be blocked for 1 minutes till 03/07/2026 20:03:57, DetailsLevel: WARN
2026-03-07T20:02:57.8799854Z State: Stopped, Action: None, LastError: ImagePullUnauthorizedFailure, LastErrorTimestamp: 03/07/2026 20:02:57, LastErrorDetails: Failed to pull image: secureappregistrydev123.azurecr.io/secureapp:v4. Image pull failed with forbidden or unauthorized. Check registry credentials., Details: Site stopped at 03/07/2026 20:02:57 (UTC), DetailsLevel: WARN
2026-03-07T20:02:57.9482032Z State: Stopped, Action: None, LastError: ImagePullUnauthorizedFailure, LastErrorTimestamp: 03/07/2026 20:02:57, LastErrorDetails: Failed to pull image: secureappregistrydev123.azurecr.io/secureapp:v4. Image pull failed with forbidden or unauthorized. Check registry credentials., Details: Site stopped at 03/07/2026 20:02:57 (UTC), DetailsLevel: WARN
2026-03-07T20:03:02.9877683Z State: Blocked, Action: None, LastError: ImagePullUnauthorizedFailure, LastErrorTimestamp: 03/07/2026 20:02:57, LastErrorDetails: Failed to pull image: secureappregistrydev123.azurecr.io/secureapp:v4. Image pull failed with forbidden or unauthorized. Check registry credentials., Details: Site is blocked due to multiple, consecutive cold start failures. Site scheduled to be unblocked at 03/07/2026 20:03:57, DetailsLevel: WARN
2026-03-07T20:03:02.9878165Z Start site prohibitted because the site is being blocked.
2026-03-07T20:03:08.0337393Z State: Blocked, Action: None, LastError: ImagePullUnauthorizedFailure, LastErrorTimestamp: 03/07/2026 20:02:57, LastErrorDetails: Failed to pull image: secureappregistrydev123.azurecr.io/secureapp:v4. Image pull failed with forbidden or unauthorized. Check registry credentials., Details: Site is blocked due to multiple, consecutive cold start failures. Site scheduled to be unblocked at 03/07/2026 20:03:57, DetailsLevel: WARN
2026-03-07T20:03:08.0337971Z Start site prohibitted because the site is being blocked.
2026-03-07T20:03:13.1039314Z State: Blocked, Action: None, LastError: ImagePullUnauthorizedFailure, LastErrorTimestamp: 03/07/2026 20:02:57, LastErrorDetails: Failed to pull image: secureappregistrydev123.azurecr.io/secureapp:v4. Image pull failed with forbidden or unauthorized. Check registry credentials., Details: Site is blocked due to multiple, consecutive cold start failures. Site scheduled to be unblocked at 03/07/2026 20:03:57, DetailsLevel: WARN
2026-03-07T20:03:13.1039586Z Start site prohibitted because the site is being blocked.
2026-03-07T20:03:18.1672960Z State: Blocked, Action: None, LastError: ImagePullUnauthorizedFailure, LastErrorTimestamp: 03/07/2026 20:02:57, LastErrorDetails: Failed to pull image: secureappregistrydev123.azurecr.io/secureapp:v4. Image pull failed with forbidden or unauthorized. Check registry credentials., Details: Site is blocked due to multiple, consecutive cold start failures. Site scheduled to be unblocked at 03/07/2026 20:03:57, DetailsLevel: WARN
2026-03-07T20:03:18.1673277Z Start site prohibitted because the site is being blocked.
2026-03-07T20:03:23.2265122Z State: Blocked, Action: None, LastError: ImagePullUnauthorizedFailure, LastErrorTimestamp: 03/07/2026 20:02:57, LastErrorDetails: Failed to pull image: secureappregistrydev123.azurecr.io/secureapp:v4. Image pull failed with forbidden or unauthorized. Check registry credentials., Details: Site is blocked due to multiple, consecutive cold start failures. Site scheduled to be unblocked at 03/07/2026 20:03:57, DetailsLevel: WARN
2026-03-07T20:03:23.2265439Z Start site prohibitted because the site is being blocked.
2026-03-07T20:03:28.2869969Z State: Blocked, Action: None, LastError: ImagePullUnauthorizedFailure, LastErrorTimestamp: 03/07/2026 20:02:57, LastErrorDetails: Failed to pull image: secureappregistrydev123.azurecr.io/secureapp:v4. Image pull failed with forbidden or unauthorized. Check registry credentials., Details: Site is blocked due to multiple, consecutive cold start failures. Site scheduled to be unblocked at 03/07/2026 20:03:57, DetailsLevel: WARN
2026-03-07T20:03:28.2870413Z Start site prohibitted because the site is being blocked.
2026-03-07T20:03:33.3454495Z State: Blocked, Action: None, LastError: ImagePullUnauthorizedFailure, LastErrorTimestamp: 03/07/2026 20:02:57, LastErrorDetails: Failed to pull image: secureappregistrydev123.azurecr.io/secureapp:v4. Image pull failed with forbidden or unauthorized. Check registry credentials., Details: Site is blocked due to multiple, consecutive cold start failures. Site scheduled to be unblocked at 03/07/2026 20:03:57, DetailsLevel: WARN
2026-03-07T20:03:33.3454793Z Start site prohibitted because the site is being blocked.
2026-03-07T20:03:38.4038923Z State: Blocked, Action: None, LastError: ImagePullUnauthorizedFailure, LastErrorTimestamp: 03/07/2026 20:02:57, LastErrorDetails: Failed to pull image: secureappregistrydev123.azurecr.io/secureapp:v4. Image pull failed with forbidden or unauthorized. Check registry credentials., Details: Site is blocked due to multiple, consecutive cold start failures. Site scheduled to be unblocked at 03/07/2026 20:03:57, DetailsLevel: WARN
2026-03-07T20:03:38.4039217Z Start site prohibitted because the site is being blocked.
2026-03-07T20:03:43.4637725Z State: Blocked, Action: None, LastError: ImagePullUnauthorizedFailure, LastErrorTimestamp: 03/07/2026 20:02:57, LastErrorDetails: Failed to pull image: secureappregistrydev123.azurecr.io/secureapp:v4. Image pull failed with forbidden or unauthorized. Check registry credentials., Details: Site is blocked due to multiple, consecutive cold start failures. Site scheduled to be unblocked at 03/07/2026 20:03:57, DetailsLevel: WARN
2026-03-07T20:03:43.4637988Z Start site prohibitted because the site is being blocked.
2026-03-07T20:03:48.5341591Z State: Blocked, Action: None, LastError: ImagePullUnauthorizedFailure, LastErrorTimestamp: 03/07/2026 20:02:57, LastErrorDetails: Failed to pull image: secureappregistrydev123.azurecr.io/secureapp:v4. Image pull failed with forbidden or unauthorized. Check registry credentials., Details: Site is blocked due to multiple, consecutive cold start failures. Site scheduled to be unblocked at 03/07/2026 20:03:57, DetailsLevel: WARN
2026-03-07T20:03:48.5341882Z Start site prohibitted because the site is being blocked.
2026-03-07T20:03:53.5834400Z State: Blocked, Action: None, LastError: ImagePullUnauthorizedFailure, LastErrorTimestamp: 03/07/2026 20:02:57, LastErrorDetails: Failed to pull image: secureappregistrydev123.azurecr.io/secureapp:v4. Image pull failed with forbidden or unauthorized. Check registry credentials., Details: Site is blocked due to multiple, consecutive cold start failures. Site scheduled to be unblocked at 03/07/2026 20:03:57, DetailsLevel: WARN
2026-03-07T20:03:53.5834751Z Start site prohibitted because the site is being blocked.
2026-03-07T20:03:57.8704617Z Site: secureapp-dev-usman is unblocked.
2026-03-07T20:03:58.6388285Z State: Starting, Action: EstablishingSiteNetworks, LastError: ImagePullUnauthorizedFailure, LastErrorTimestamp: 03/07/2026 20:02:57, LastErrorDetails: Failed to pull image: secureappregistrydev123.azurecr.io/secureapp:v4. Image pull failed with forbidden or unauthorized. Check registry credentials., Details: Site is blocked due to multiple, consecutive cold start failures. Site scheduled to be unblocked at 03/07/2026 20:03:57, DetailsLevel: WARN
2026-03-07T20:03:59.2389814Z State: Starting, Action: StartingMsiContainer, LastError: ImagePullUnauthorizedFailure, LastErrorTimestamp: 03/07/2026 20:02:57, LastErrorDetails: Failed to pull image: secureappregistrydev123.azurecr.io/secureapp:v4. Image pull failed with forbidden or unauthorized. Check registry credentials., Details: Site is blocked due to multiple, consecutive cold start failures. Site scheduled to be unblocked at 03/07/2026 20:03:57, DetailsLevel: WARN
2026-03-07T20:04:02.0890698Z State: Starting, Action: StartingSiteContainers, LastError: ImagePullUnauthorizedFailure, LastErrorTimestamp: 03/07/2026 20:02:57, LastErrorDetails: Failed to pull image: secureappregistrydev123.azurecr.io/secureapp:v4. Image pull failed with forbidden or unauthorized. Check registry credentials., Details: Site is blocked due to multiple, consecutive cold start failures. Site scheduled to be unblocked at 03/07/2026 20:03:57, DetailsLevel: WARN
2026-03-07T20:04:02.0892394Z Container start method called.
2026-03-07T20:04:02.0892868Z State: Starting, Action: PullingImage, LastError: ImagePullUnauthorizedFailure, LastErrorTimestamp: 03/07/2026 20:02:57, LastErrorDetails: Failed to pull image: secureappregistrydev123.azurecr.io/secureapp:v4. Image pull failed with forbidden or unauthorized. Check registry credentials., Details: Pulling image secureappregistrydev123.azurecr.io/secureapp:v4 for secureapp-dev-usman., DetailsLevel: INFO
2026-03-07T20:04:02.0894107Z Establishing network.
2026-03-07T20:04:02.0895524Z Pulling image: secureappregistrydev123.azurecr.io/secureapp:v4.
2026-03-07T20:04:03.9064244Z Container pull image failed with reason: ImagePullFailure. Revert by terminate.
2026-03-07T20:04:03.9079617Z Container is terminating. Grace period: 5 seconds.
2026-03-07T20:04:03.9085767Z Container spec TerminationMessagePolicy  path 
2026-03-07T20:04:03.9091932Z Container is terminated. Total time elapsed: 0 ms.
2026-03-07T20:04:03.9097162Z Site container: secureapp-dev-usman terminated during site startup.
2026-03-07T20:04:03.9100196Z State: Stopping, Action: CancellingStartup, LastError: ImagePullUnauthorizedFailure, LastErrorTimestamp: 03/07/2026 20:02:57, LastErrorDetails: Failed to pull image: secureappregistrydev123.azurecr.io/secureapp:v4. Image pull failed with forbidden or unauthorized. Check registry credentials., Details: Site container: secureapp-dev-usman terminated during site startup. Cancelling site startup., DetailsLevel: ERR
2026-03-07T20:04:03.9139433Z State: Stopping, Action: CancellingStartup, LastError: ImagePullUnauthorizedFailure, LastErrorTimestamp: 03/07/2026 20:04:03, LastErrorDetails: Failed to pull image: secureappregistrydev123.azurecr.io/secureapp:v4. Image pull failed with forbidden or unauthorized. Check registry credentials., Details: Site container: secureapp-dev-usman terminated during site startup. Cancelling site startup., DetailsLevel: ERR
2026-03-07T20:04:03.9213893Z Failed to start site. Revert by stopping site.
2026-03-07T20:04:03.9224841Z State: Stopping, Action: StoppingSite, LastError: ImagePullUnauthorizedFailure, LastErrorTimestamp: 03/07/2026 20:04:03, LastErrorDetails: Failed to pull image: secureappregistrydev123.azurecr.io/secureapp:v4. Image pull failed with forbidden or unauthorized. Check registry credentials., Details: Site container: secureapp-dev-usman terminated during site startup. Cancelling site startup., DetailsLevel: ERR
2026-03-07T20:04:03.9273485Z State: Stopping, Action: StoppingSiteContainers, LastError: ImagePullUnauthorizedFailure, LastErrorTimestamp: 03/07/2026 20:04:03, LastErrorDetails: Failed to pull image: secureappregistrydev123.azurecr.io/secureapp:v4. Image pull failed with forbidden or unauthorized. Check registry credentials., Details: Site container: secureapp-dev-usman terminated during site startup. Cancelling site startup., DetailsLevel: ERR
2026-03-07T20:04:03.9281554Z Site: secureapp-dev-usman stopped.
2026-03-07T20:04:03.9309580Z State: Stopping, Action: UnmountingVolumes, LastError: ImagePullUnauthorizedFailure, LastErrorTimestamp: 03/07/2026 20:04:03, LastErrorDetails: Failed to pull image: secureappregistrydev123.azurecr.io/secureapp:v4. Image pull failed with forbidden or unauthorized. Check registry credentials., Details: Site container: secureapp-dev-usman terminated during site startup. Cancelling site startup., DetailsLevel: ERR
2026-03-07T20:04:04.2324976Z Site container: secureapp-dev-usman_managedIdentity terminated during site startup.
2026-03-07T20:04:04.2326421Z State: Stopping, Action: UnmountingVolumes, LastError: ImagePullUnauthorizedFailure, LastErrorTimestamp: 03/07/2026 20:04:03, LastErrorDetails: Failed to pull image: secureappregistrydev123.azurecr.io/secureapp:v4. Image pull failed with forbidden or unauthorized. Check registry credentials., Details: Site container: secureapp-dev-usman terminated during site startup. Cancelling site startup., DetailsLevel: ERR
2026-03-07T20:04:04.2418971Z State: Stopping, Action: StoppingSiteNetworks, LastError: ImagePullUnauthorizedFailure, LastErrorTimestamp: 03/07/2026 20:04:03, LastErrorDetails: Failed to pull image: secureappregistrydev123.azurecr.io/secureapp:v4. Image pull failed with forbidden or unauthorized. Check registry credentials., Details: Site container: secureapp-dev-usman terminated during site startup. Cancelling site startup., DetailsLevel: ERR
2026-03-07T20:04:04.4923446Z Site: secureapp-dev-usman will be blocked for 1 minutes till 03/07/2026 20:05:04
2026-03-07T20:04:04.4925358Z State: Blocked, Action: StoppingSiteNetworks, LastError: ImagePullUnauthorizedFailure, LastErrorTimestamp: 03/07/2026 20:04:03, LastErrorDetails: Failed to pull image: secureappregistrydev123.azurecr.io/secureapp:v4. Image pull failed with forbidden or unauthorized. Check registry credentials., Details: Site: secureapp-dev-usman will be blocked for 1 minutes till 03/07/2026 20:05:04, DetailsLevel: WARN
2026-03-07T20:04:04.4929963Z State: Stopped, Action: None, LastError: ImagePullUnauthorizedFailure, LastErrorTimestamp: 03/07/2026 20:04:03, LastErrorDetails: Failed to pull image: secureappregistrydev123.azurecr.io/secureapp:v4. Image pull failed with forbidden or unauthorized. Check registry credentials., Details: Site stopped at 03/07/2026 20:04:04 (UTC), DetailsLevel: WARN
2026-03-07T20:04:04.5317289Z State: Stopped, Action: None, LastError: ImagePullUnauthorizedFailure, LastErrorTimestamp: 03/07/2026 20:04:03, LastErrorDetails: Failed to pull image: secureappregistrydev123.azurecr.io/secureapp:v4. Image pull failed with forbidden or unauthorized. Check registry credentials., Details: Site stopped at 03/07/2026 20:04:04 (UTC), DetailsLevel: WARN
2026-03-07T20:04:09.5920384Z State: Blocked, Action: None, LastError: ImagePullUnauthorizedFailure, LastErrorTimestamp: 03/07/2026 20:04:03, LastErrorDetails: Failed to pull image: secureappregistrydev123.azurecr.io/secureapp:v4. Image pull failed with forbidden or unauthorized. Check registry credentials., Details: Site is blocked due to multiple, consecutive cold start failures. Site scheduled to be unblocked at 03/07/2026 20:05:04, DetailsLevel: WARN
2026-03-07T20:04:09.5920663Z Start site prohibitted because the site is being blocked.
2026-03-07T20:04:14.6518806Z State: Blocked, Action: None, LastError: ImagePullUnauthorizedFailure, LastErrorTimestamp: 03/07/2026 20:04:03, LastErrorDetails: Failed to pull image: secureappregistrydev123.azurecr.io/secureapp:v4. Image pull failed with forbidden or unauthorized. Check registry credentials., Details: Site is blocked due to multiple, consecutive cold start failures. Site scheduled to be unblocked at 03/07/2026 20:05:04, DetailsLevel: WARN
2026-03-07T20:04:14.6519095Z Start site prohibitted because the site is being blocked.
2026-03-07T20:04:19.7131709Z State: Blocked, Action: None, LastError: ImagePullUnauthorizedFailure, LastErrorTimestamp: 03/07/2026 20:04:03, LastErrorDetails: Failed to pull image: secureappregistrydev123.azurecr.io/secureapp:v4. Image pull failed with forbidden or unauthorized. Check registry credentials., Details: Site is blocked due to multiple, consecutive cold start failures. Site scheduled to be unblocked at 03/07/2026 20:05:04, DetailsLevel: WARN
2026-03-07T20:04:19.7132005Z Start site prohibitted because the site is being blocked.
2026-03-07T20:04:24.7675195Z State: Blocked, Action: None, LastError: ImagePullUnauthorizedFailure, LastErrorTimestamp: 03/07/2026 20:04:03, LastErrorDetails: Failed to pull image: secureappregistrydev123.azurecr.io/secureapp:v4. Image pull failed with forbidden or unauthorized. Check registry credentials., Details: Site is blocked due to multiple, consecutive cold start failures. Site scheduled to be unblocked at 03/07/2026 20:05:04, DetailsLevel: WARN
2026-03-07T20:04:24.7676518Z Start site prohibitted because the site is being blocked.
2026-03-07T20:04:30.6285134Z State: Blocked, Action: None, LastError: ImagePullUnauthorizedFailure, LastErrorTimestamp: 03/07/2026 20:04:03, LastErrorDetails: Failed to pull image: secureappregistrydev123.azurecr.io/secureapp:v4. Image pull failed with forbidden or unauthorized. Check registry credentials., Details: Site is blocked due to multiple, consecutive cold start failures. Site scheduled to be unblocked at 03/07/2026 20:05:04, DetailsLevel: WARN
2026-03-07T20:04:30.6285387Z Start site prohibitted because the site is being blocked.
2026-03-07T20:04:35.7041017Z State: Blocked, Action: None, LastError: ImagePullUnauthorizedFailure, LastErrorTimestamp: 03/07/2026 20:04:03, LastErrorDetails: Failed to pull image: secureappregistrydev123.azurecr.io/secureapp:v4. Image pull failed with forbidden or unauthorized. Check registry credentials., Details: Site is blocked due to multiple, consecutive cold start failures. Site scheduled to be unblocked at 03/07/2026 20:05:04, DetailsLevel: WARN
2026-03-07T20:04:35.7041284Z Start site prohibitted because the site is being blocked.
2026-03-07T20:04:40.7641109Z State: Blocked, Action: None, LastError: ImagePullUnauthorizedFailure, LastErrorTimestamp: 03/07/2026 20:04:03, LastErrorDetails: Failed to pull image: secureappregistrydev123.azurecr.io/secureapp:v4. Image pull failed with forbidden or unauthorized. Check registry credentials., Details: Site is blocked due to multiple, consecutive cold start failures. Site scheduled to be unblocked at 03/07/2026 20:05:04, DetailsLevel: WARN
2026-03-07T20:04:40.7641374Z Start site prohibitted because the site is being blocked.
2026-03-07T20:04:45.8251986Z State: Blocked, Action: None, LastError: ImagePullUnauthorizedFailure, LastErrorTimestamp: 03/07/2026 20:04:03, LastErrorDetails: Failed to pull image: secureappregistrydev123.azurecr.io/secureapp:v4. Image pull failed with forbidden or unauthorized. Check registry credentials., Details: Site is blocked due to multiple, consecutive cold start failures. Site scheduled to be unblocked at 03/07/2026 20:05:04, DetailsLevel: WARN
2026-03-07T20:04:45.8252277Z Start site prohibitted because the site is being blocked.
2026-03-07T20:04:50.8753234Z State: Blocked, Action: None, LastError: ImagePullUnauthorizedFailure, LastErrorTimestamp: 03/07/2026 20:04:03, LastErrorDetails: Failed to pull image: secureappregistrydev123.azurecr.io/secureapp:v4. Image pull failed with forbidden or unauthorized. Check registry credentials., Details: Site is blocked due to multiple, consecutive cold start failures. Site scheduled to be unblocked at 03/07/2026 20:05:04, DetailsLevel: WARN
2026-03-07T20:04:50.8753502Z Start site prohibitted because the site is being blocked.
2026-03-07T20:04:55.9085696Z State: Blocked, Action: None, LastError: ImagePullUnauthorizedFailure, LastErrorTimestamp: 03/07/2026 20:04:03, LastErrorDetails: Failed to pull image: secureappregistrydev123.azurecr.io/secureapp:v4. Image pull failed with forbidden or unauthorized. Check registry credentials., Details: Site is blocked due to multiple, consecutive cold start failures. Site scheduled to be unblocked at 03/07/2026 20:05:04, DetailsLevel: WARN
2026-03-07T20:04:55.9085963Z Start site prohibitted because the site is being blocked.
2026-03-07T20:05:00.9525805Z State: Blocked, Action: None, LastError: ImagePullUnauthorizedFailure, LastErrorTimestamp: 03/07/2026 20:04:03, LastErrorDetails: Failed to pull image: secureappregistrydev123.azurecr.io/secureapp:v4. Image pull failed with forbidden or unauthorized. Check registry credentials., Details: Site is blocked due to multiple, consecutive cold start failures. Site scheduled to be unblocked at 03/07/2026 20:05:04, DetailsLevel: WARN
2026-03-07T20:05:00.9526069Z Start site prohibitted because the site is being blocked.
2026-03-07T20:05:04.4935922Z Site: secureapp-dev-usman is unblocked.
2026-03-07T20:05:05.9912310Z State: Starting, Action: EstablishingSiteNetworks, LastError: ImagePullUnauthorizedFailure, LastErrorTimestamp: 03/07/2026 20:04:03, LastErrorDetails: Failed to pull image: secureappregistrydev123.azurecr.io/secureapp:v4. Image pull failed with forbidden or unauthorized. Check registry credentials., Details: Site is blocked due to multiple, consecutive cold start failures. Site scheduled to be unblocked at 03/07/2026 20:05:04, DetailsLevel: WARN
2026-03-07T20:05:06.4924811Z State: Starting, Action: StartingMsiContainer, LastError: ImagePullUnauthorizedFailure, LastErrorTimestamp: 03/07/2026 20:04:03, LastErrorDetails: Failed to pull image: secureappregistrydev123.azurecr.io/secureapp:v4. Image pull failed with forbidden or unauthorized. Check registry credentials., Details: Site is blocked due to multiple, consecutive cold start failures. Site scheduled to be unblocked at 03/07/2026 20:05:04, DetailsLevel: WARN
2026-03-07T20:05:09.1963954Z State: Starting, Action: StartingSiteContainers, LastError: ImagePullUnauthorizedFailure, LastErrorTimestamp: 03/07/2026 20:04:03, LastErrorDetails: Failed to pull image: secureappregistrydev123.azurecr.io/secureapp:v4. Image pull failed with forbidden or unauthorized. Check registry credentials., Details: Site is blocked due to multiple, consecutive cold start failures. Site scheduled to be unblocked at 03/07/2026 20:05:04, DetailsLevel: WARN
2026-03-07T20:05:09.1990370Z Container start method called.
2026-03-07T20:05:09.1992893Z State: Starting, Action: PullingImage, LastError: ImagePullUnauthorizedFailure, LastErrorTimestamp: 03/07/2026 20:04:03, LastErrorDetails: Failed to pull image: secureappregistrydev123.azurecr.io/secureapp:v4. Image pull failed with forbidden or unauthorized. Check registry credentials., Details: Pulling image secureappregistrydev123.azurecr.io/secureapp:v4 for secureapp-dev-usman., DetailsLevel: INFO
2026-03-07T20:05:09.1994494Z Establishing network.
2026-03-07T20:05:09.1996642Z Pulling image: secureappregistrydev123.azurecr.io/secureapp:v4.
2026-03-07T20:05:10.8730562Z Container pull image failed with reason: ImagePullFailure. Revert by terminate.
2026-03-07T20:05:10.8732328Z Container is terminating. Grace period: 5 seconds.
2026-03-07T20:05:10.8734101Z Container spec TerminationMessagePolicy  path 
2026-03-07T20:05:10.8735967Z Container is terminated. Total time elapsed: 0 ms.
2026-03-07T20:05:10.8739299Z Site container: secureapp-dev-usman terminated during site startup.
2026-03-07T20:05:10.8745610Z State: Stopping, Action: CancellingStartup, LastError: ImagePullUnauthorizedFailure, LastErrorTimestamp: 03/07/2026 20:04:03, LastErrorDetails: Failed to pull image: secureappregistrydev123.azurecr.io/secureapp:v4. Image pull failed with forbidden or unauthorized. Check registry credentials., Details: Site container: secureapp-dev-usman terminated during site startup. Cancelling site startup., DetailsLevel: ERR
2026-03-07T20:05:10.8787504Z State: Stopping, Action: CancellingStartup, LastError: ImagePullUnauthorizedFailure, LastErrorTimestamp: 03/07/2026 20:05:10, LastErrorDetails: Failed to pull image: secureappregistrydev123.azurecr.io/secureapp:v4. Image pull failed with forbidden or unauthorized. Check registry credentials., Details: Site container: secureapp-dev-usman terminated during site startup. Cancelling site startup., DetailsLevel: ERR
2026-03-07T20:05:10.8925673Z Failed to start site. Revert by stopping site.
2026-03-07T20:05:10.8927282Z State: Stopping, Action: StoppingSite, LastError: ImagePullUnauthorizedFailure, LastErrorTimestamp: 03/07/2026 20:05:10, LastErrorDetails: Failed to pull image: secureappregistrydev123.azurecr.io/secureapp:v4. Image pull failed with forbidden or unauthorized. Check registry credentials., Details: Site container: secureapp-dev-usman terminated during site startup. Cancelling site startup., DetailsLevel: ERR
2026-03-07T20:05:10.8930452Z State: Stopping, Action: StoppingSiteContainers, LastError: ImagePullUnauthorizedFailure, LastErrorTimestamp: 03/07/2026 20:05:10, LastErrorDetails: Failed to pull image: secureappregistrydev123.azurecr.io/secureapp:v4. Image pull failed with forbidden or unauthorized. Check registry credentials., Details: Site container: secureapp-dev-usman terminated during site startup. Cancelling site startup., DetailsLevel: ERR
2026-03-07T20:05:10.8930589Z Site: secureapp-dev-usman stopped.
